[24-Dec-2024 01:25:55 Europe/Berlin] Student ID: 202300269
[24-Dec-2024 01:25:55 Europe/Berlin] Organizations: Array
(
    [0] => Array
        (
            [OrganizationID] => VENOM
            [OrgName] => Venom Publication
        )

    [1] => Array
        (
            [OrganizationID] => EY
            [OrgName] => EYY
        )

)

[24-Dec-2024 01:25:55 Europe/Berlin] Current Academic Period: Array
(
    [school_year] => 2024-2025
    [semester] => 1st
)

[24-Dec-2024 01:25:59 Europe/Berlin] Processing Fee Request: FeeName=OHLALA, Amount=1231, OrganizationID=VENOM, CreatedBy=Trisha Que, AdminID=
[24-Dec-2024 01:25:59 Europe/Berlin] Error in createFeeRequest: SQLSTATE[23000]: Integrity constraint violation: 1048 Column 'created_by' cannot be null
[24-Dec-2024 01:25:59 Europe/Berlin] Student ID: 202300269
[24-Dec-2024 01:25:59 Europe/Berlin] Organizations: Array
(
    [0] => Array
        (
            [OrganizationID] => VENOM
            [OrgName] => Venom Publication
        )

    [1] => Array
        (
            [OrganizationID] => EY
            [OrgName] => EYY
        )

)

[24-Dec-2024 01:25:59 Europe/Berlin] Current Academic Period: Array
(
    [school_year] => 2024-2025
    [semester] => 1st
)

[25-Dec-2024 18:47:16 Europe/Berlin] Staff organizations found: Array
(
    [0] => Array
        (
            [OrganizationID] => VENOM
            [school_year] => 2024-2025
            [semester] => 1st
            [OrgName] => Venom Publication
        )

)

[25-Dec-2024 18:47:19 Europe/Berlin] Staff organizations found: Array
(
    [0] => Array
        (
            [OrganizationID] => VENOM
            [school_year] => 2024-2025
            [semester] => 1st
            [OrgName] => Venom Publication
        )

)

[25-Dec-2024 18:47:19 Europe/Berlin] Staff organizations found: Array
(
    [0] => Array
        (
            [OrganizationID] => VENOM
            [school_year] => 2024-2025
            [semester] => 1st
            [OrgName] => Venom Publication
        )

)

[25-Dec-2024 18:47:19 Europe/Berlin] Staff organizations found: Array
(
    [0] => Array
        (
            [OrganizationID] => VENOM
            [school_year] => 2024-2025
            [semester] => 1st
            [OrgName] => Venom Publication
        )

)

[25-Dec-2024 18:47:31 Europe/Berlin] Staff organizations found: Array
(
    [0] => Array
        (
            [OrganizationID] => VENOM
            [school_year] => 2024-2025
            [semester] => 1st
            [OrgName] => Venom Publication
        )

)

[25-Dec-2024 18:47:32 Europe/Berlin] Staff organizations found: Array
(
    [0] => Array
        (
            [OrganizationID] => VENOM
            [school_year] => 2024-2025
            [semester] => 1st
            [OrgName] => Venom Publication
        )

)

[25-Dec-2024 18:47:48 Europe/Berlin] Staff organizations found: Array
(
    [0] => Array
        (
            [OrganizationID] => VENOM
            [school_year] => 2024-2025
            [semester] => 1st
            [OrgName] => Venom Publication
        )

)

[25-Dec-2024 18:48:12 Europe/Berlin] Staff organizations found: Array
(
    [0] => Array
        (
            [OrganizationID] => VENOM
            [school_year] => 2024-2025
            [semester] => 1st
            [OrgName] => Venom Publication
        )

)

[25-Dec-2024 18:48:12 Europe/Berlin] Staff organizations found: Array
(
    [0] => Array
        (
            [OrganizationID] => VENOM
            [school_year] => 2024-2025
            [semester] => 1st
            [OrgName] => Venom Publication
        )

)

[25-Dec-2024 18:55:47 Europe/Berlin] Staff organizations found: Array
(
    [0] => Array
        (
            [OrganizationID] => VENOM
            [school_year] => 2024-2025
            [semester] => 1st
            [OrgName] => Venom Publication
        )

)

[25-Dec-2024 18:55:47 Europe/Berlin] Staff organizations found: Array
(
    [0] => Array
        (
            [OrganizationID] => VENOM
            [school_year] => 2024-2025
            [semester] => 1st
            [OrgName] => Venom Publication
        )

)

[25-Dec-2024 18:55:47 Europe/Berlin] Staff organizations found: Array
(
    [0] => Array
        (
            [OrganizationID] => VENOM
            [school_year] => 2024-2025
            [semester] => 1st
            [OrgName] => Venom Publication
        )

)

[25-Dec-2024 18:55:48 Europe/Berlin] Staff organizations found: Array
(
    [0] => Array
        (
            [OrganizationID] => VENOM
            [school_year] => 2024-2025
            [semester] => 1st
            [OrgName] => Venom Publication
        )

)

[25-Dec-2024 18:55:48 Europe/Berlin] Staff organizations found: Array
(
    [0] => Array
        (
            [OrganizationID] => VENOM
            [school_year] => 2024-2025
            [semester] => 1st
            [OrgName] => Venom Publication
        )

)

[25-Dec-2024 18:55:49 Europe/Berlin] Staff organizations found: Array
(
    [0] => Array
        (
            [OrganizationID] => VENOM
            [school_year] => 2024-2025
            [semester] => 1st
            [OrgName] => Venom Publication
        )

)

[25-Dec-2024 18:55:51 Europe/Berlin] Staff organizations found: Array
(
    [0] => Array
        (
            [OrganizationID] => VENOM
            [school_year] => 2024-2025
            [semester] => 1st
            [OrgName] => Venom Publication
        )

)

[25-Dec-2024 18:55:54 Europe/Berlin] Staff organizations found: Array
(
    [0] => Array
        (
            [OrganizationID] => VENOM
            [school_year] => 2024-2025
            [semester] => 1st
            [OrgName] => Venom Publication
        )

)

[25-Dec-2024 18:55:56 Europe/Berlin] Staff organizations found: Array
(
    [0] => Array
        (
            [OrganizationID] => VENOM
            [school_year] => 2024-2025
            [semester] => 1st
            [OrgName] => Venom Publication
        )

)

[25-Dec-2024 18:55:59 Europe/Berlin] Staff organizations found: Array
(
    [0] => Array
        (
            [OrganizationID] => VENOM
            [school_year] => 2024-2025
            [semester] => 1st
            [OrgName] => Venom Publication
        )

)

[25-Dec-2024 18:56:01 Europe/Berlin] Staff organizations found: Array
(
    [0] => Array
        (
            [OrganizationID] => VENOM
            [school_year] => 2024-2025
            [semester] => 1st
            [OrgName] => Venom Publication
        )

)

[25-Dec-2024 18:56:08 Europe/Berlin] Staff organizations found: Array
(
    [0] => Array
        (
            [OrganizationID] => VENOM
            [school_year] => 2024-2025
            [semester] => 1st
            [OrgName] => Venom Publication
        )

)

[25-Dec-2024 18:59:19 Europe/Berlin] Staff organizations found: Array
(
    [0] => Array
        (
            [OrganizationID] => VENOM
            [school_year] => 2024-2025
            [semester] => 1st
            [OrgName] => Venom Publication
        )

)

[25-Dec-2024 18:59:19 Europe/Berlin] PHP Warning:  Undefined variable $studentID in C:\xampp\htdocs\PAY-THON\staff\paymentmanagement.php on line 95
[25-Dec-2024 18:59:19 Europe/Berlin] PHP Warning:  Undefined variable $feeName in C:\xampp\htdocs\PAY-THON\staff\paymentmanagement.php on line 95
[25-Dec-2024 18:59:19 Europe/Berlin] PHP Warning:  Undefined variable $studentID in C:\xampp\htdocs\PAY-THON\staff\paymentmanagement.php on line 95
[25-Dec-2024 18:59:19 Europe/Berlin] PHP Warning:  Undefined variable $feeName in C:\xampp\htdocs\PAY-THON\staff\paymentmanagement.php on line 95
[25-Dec-2024 18:59:19 Europe/Berlin] PHP Warning:  Undefined variable $studentID in C:\xampp\htdocs\PAY-THON\staff\paymentmanagement.php on line 95
[25-Dec-2024 18:59:19 Europe/Berlin] PHP Warning:  Undefined variable $feeName in C:\xampp\htdocs\PAY-THON\staff\paymentmanagement.php on line 95
[25-Dec-2024 18:59:19 Europe/Berlin] Staff organizations found: Array
(
    [0] => Array
        (
            [OrganizationID] => VENOM
            [school_year] => 2024-2025
            [semester] => 1st
            [OrgName] => Venom Publication
        )

)

[25-Dec-2024 18:59:19 Europe/Berlin] PHP Warning:  Undefined variable $studentID in C:\xampp\htdocs\PAY-THON\staff\paymentmanagement.php on line 95
[25-Dec-2024 18:59:19 Europe/Berlin] PHP Warning:  Undefined variable $feeName in C:\xampp\htdocs\PAY-THON\staff\paymentmanagement.php on line 95
[25-Dec-2024 18:59:19 Europe/Berlin] PHP Warning:  Undefined variable $studentID in C:\xampp\htdocs\PAY-THON\staff\paymentmanagement.php on line 95
[25-Dec-2024 18:59:19 Europe/Berlin] PHP Warning:  Undefined variable $feeName in C:\xampp\htdocs\PAY-THON\staff\paymentmanagement.php on line 95
[25-Dec-2024 18:59:19 Europe/Berlin] PHP Warning:  Undefined variable $studentID in C:\xampp\htdocs\PAY-THON\staff\paymentmanagement.php on line 95
[25-Dec-2024 18:59:19 Europe/Berlin] PHP Warning:  Undefined variable $feeName in C:\xampp\htdocs\PAY-THON\staff\paymentmanagement.php on line 95
[25-Dec-2024 18:59:19 Europe/Berlin] Staff organizations found: Array
(
    [0] => Array
        (
            [OrganizationID] => VENOM
            [school_year] => 2024-2025
            [semester] => 1st
            [OrgName] => Venom Publication
        )

)

[25-Dec-2024 18:59:19 Europe/Berlin] PHP Warning:  Undefined variable $studentID in C:\xampp\htdocs\PAY-THON\staff\paymentmanagement.php on line 95
[25-Dec-2024 18:59:19 Europe/Berlin] PHP Warning:  Undefined variable $feeName in C:\xampp\htdocs\PAY-THON\staff\paymentmanagement.php on line 95
[25-Dec-2024 18:59:19 Europe/Berlin] PHP Warning:  Undefined variable $studentID in C:\xampp\htdocs\PAY-THON\staff\paymentmanagement.php on line 95
[25-Dec-2024 18:59:19 Europe/Berlin] PHP Warning:  Undefined variable $feeName in C:\xampp\htdocs\PAY-THON\staff\paymentmanagement.php on line 95
[25-Dec-2024 18:59:19 Europe/Berlin] PHP Warning:  Undefined variable $studentID in C:\xampp\htdocs\PAY-THON\staff\paymentmanagement.php on line 95
[25-Dec-2024 18:59:19 Europe/Berlin] PHP Warning:  Undefined variable $feeName in C:\xampp\htdocs\PAY-THON\staff\paymentmanagement.php on line 95
[25-Dec-2024 18:59:20 Europe/Berlin] Staff organizations found: Array
(
    [0] => Array
        (
            [OrganizationID] => VENOM
            [school_year] => 2024-2025
            [semester] => 1st
            [OrgName] => Venom Publication
        )

)

[25-Dec-2024 18:59:20 Europe/Berlin] PHP Warning:  Undefined variable $studentID in C:\xampp\htdocs\PAY-THON\staff\paymentmanagement.php on line 95
[25-Dec-2024 18:59:20 Europe/Berlin] PHP Warning:  Undefined variable $feeName in C:\xampp\htdocs\PAY-THON\staff\paymentmanagement.php on line 95
[25-Dec-2024 18:59:20 Europe/Berlin] PHP Warning:  Undefined variable $studentID in C:\xampp\htdocs\PAY-THON\staff\paymentmanagement.php on line 95
[25-Dec-2024 18:59:20 Europe/Berlin] PHP Warning:  Undefined variable $feeName in C:\xampp\htdocs\PAY-THON\staff\paymentmanagement.php on line 95
[25-Dec-2024 18:59:20 Europe/Berlin] PHP Warning:  Undefined variable $studentID in C:\xampp\htdocs\PAY-THON\staff\paymentmanagement.php on line 95
[25-Dec-2024 18:59:20 Europe/Berlin] PHP Warning:  Undefined variable $feeName in C:\xampp\htdocs\PAY-THON\staff\paymentmanagement.php on line 95
[25-Dec-2024 19:02:35 Europe/Berlin] Staff organizations found: Array
(
    [0] => Array
        (
            [OrganizationID] => VENOM
            [school_year] => 2024-2025
            [semester] => 1st
            [OrgName] => Venom Publication
        )

)

[25-Dec-2024 19:02:35 Europe/Berlin] PHP Warning:  Undefined variable $studentID in C:\xampp\htdocs\PAY-THON\staff\paymentmanagement.php on line 95
[25-Dec-2024 19:02:35 Europe/Berlin] PHP Warning:  Undefined variable $feeName in C:\xampp\htdocs\PAY-THON\staff\paymentmanagement.php on line 95
[25-Dec-2024 19:02:35 Europe/Berlin] PHP Warning:  Undefined variable $studentID in C:\xampp\htdocs\PAY-THON\staff\paymentmanagement.php on line 95
[25-Dec-2024 19:02:35 Europe/Berlin] PHP Warning:  Undefined variable $feeName in C:\xampp\htdocs\PAY-THON\staff\paymentmanagement.php on line 95
[25-Dec-2024 19:02:35 Europe/Berlin] PHP Warning:  Undefined variable $studentID in C:\xampp\htdocs\PAY-THON\staff\paymentmanagement.php on line 95
[25-Dec-2024 19:02:35 Europe/Berlin] PHP Warning:  Undefined variable $feeName in C:\xampp\htdocs\PAY-THON\staff\paymentmanagement.php on line 95
[25-Dec-2024 19:02:35 Europe/Berlin] Staff organizations found: Array
(
    [0] => Array
        (
            [OrganizationID] => VENOM
            [school_year] => 2024-2025
            [semester] => 1st
            [OrgName] => Venom Publication
        )

)

[25-Dec-2024 19:02:35 Europe/Berlin] PHP Warning:  Undefined variable $studentID in C:\xampp\htdocs\PAY-THON\staff\paymentmanagement.php on line 95
[25-Dec-2024 19:02:35 Europe/Berlin] PHP Warning:  Undefined variable $feeName in C:\xampp\htdocs\PAY-THON\staff\paymentmanagement.php on line 95
[25-Dec-2024 19:02:35 Europe/Berlin] PHP Warning:  Undefined variable $studentID in C:\xampp\htdocs\PAY-THON\staff\paymentmanagement.php on line 95
[25-Dec-2024 19:02:35 Europe/Berlin] PHP Warning:  Undefined variable $feeName in C:\xampp\htdocs\PAY-THON\staff\paymentmanagement.php on line 95
[25-Dec-2024 19:02:35 Europe/Berlin] PHP Warning:  Undefined variable $studentID in C:\xampp\htdocs\PAY-THON\staff\paymentmanagement.php on line 95
[25-Dec-2024 19:02:35 Europe/Berlin] PHP Warning:  Undefined variable $feeName in C:\xampp\htdocs\PAY-THON\staff\paymentmanagement.php on line 95
[25-Dec-2024 19:02:35 Europe/Berlin] Staff organizations found: Array
(
    [0] => Array
        (
            [OrganizationID] => VENOM
            [school_year] => 2024-2025
            [semester] => 1st
            [OrgName] => Venom Publication
        )

)

[25-Dec-2024 19:02:35 Europe/Berlin] PHP Warning:  Undefined variable $studentID in C:\xampp\htdocs\PAY-THON\staff\paymentmanagement.php on line 95
[25-Dec-2024 19:02:35 Europe/Berlin] PHP Warning:  Undefined variable $feeName in C:\xampp\htdocs\PAY-THON\staff\paymentmanagement.php on line 95
[25-Dec-2024 19:02:35 Europe/Berlin] PHP Warning:  Undefined variable $studentID in C:\xampp\htdocs\PAY-THON\staff\paymentmanagement.php on line 95
[25-Dec-2024 19:02:35 Europe/Berlin] PHP Warning:  Undefined variable $feeName in C:\xampp\htdocs\PAY-THON\staff\paymentmanagement.php on line 95
[25-Dec-2024 19:02:35 Europe/Berlin] PHP Warning:  Undefined variable $studentID in C:\xampp\htdocs\PAY-THON\staff\paymentmanagement.php on line 95
[25-Dec-2024 19:02:36 Europe/Berlin] PHP Warning:  Undefined variable $feeName in C:\xampp\htdocs\PAY-THON\staff\paymentmanagement.php on line 95
[25-Dec-2024 19:02:36 Europe/Berlin] Staff organizations found: Array
(
    [0] => Array
        (
            [OrganizationID] => VENOM
            [school_year] => 2024-2025
            [semester] => 1st
            [OrgName] => Venom Publication
        )

)

[25-Dec-2024 19:02:36 Europe/Berlin] PHP Warning:  Undefined variable $studentID in C:\xampp\htdocs\PAY-THON\staff\paymentmanagement.php on line 95
[25-Dec-2024 19:02:36 Europe/Berlin] PHP Warning:  Undefined variable $feeName in C:\xampp\htdocs\PAY-THON\staff\paymentmanagement.php on line 95
[25-Dec-2024 19:02:36 Europe/Berlin] PHP Warning:  Undefined variable $studentID in C:\xampp\htdocs\PAY-THON\staff\paymentmanagement.php on line 95
[25-Dec-2024 19:02:36 Europe/Berlin] PHP Warning:  Undefined variable $feeName in C:\xampp\htdocs\PAY-THON\staff\paymentmanagement.php on line 95
[25-Dec-2024 19:02:36 Europe/Berlin] PHP Warning:  Undefined variable $studentID in C:\xampp\htdocs\PAY-THON\staff\paymentmanagement.php on line 95
[25-Dec-2024 19:02:36 Europe/Berlin] PHP Warning:  Undefined variable $feeName in C:\xampp\htdocs\PAY-THON\staff\paymentmanagement.php on line 95
[25-Dec-2024 19:02:36 Europe/Berlin] Staff organizations found: Array
(
    [0] => Array
        (
            [OrganizationID] => VENOM
            [school_year] => 2024-2025
            [semester] => 1st
            [OrgName] => Venom Publication
        )

)

[25-Dec-2024 19:02:36 Europe/Berlin] PHP Warning:  Undefined variable $studentID in C:\xampp\htdocs\PAY-THON\staff\paymentmanagement.php on line 95
[25-Dec-2024 19:02:36 Europe/Berlin] PHP Warning:  Undefined variable $feeName in C:\xampp\htdocs\PAY-THON\staff\paymentmanagement.php on line 95
[25-Dec-2024 19:02:36 Europe/Berlin] PHP Warning:  Undefined variable $studentID in C:\xampp\htdocs\PAY-THON\staff\paymentmanagement.php on line 95
[25-Dec-2024 19:02:36 Europe/Berlin] PHP Warning:  Undefined variable $feeName in C:\xampp\htdocs\PAY-THON\staff\paymentmanagement.php on line 95
[25-Dec-2024 19:02:36 Europe/Berlin] PHP Warning:  Undefined variable $studentID in C:\xampp\htdocs\PAY-THON\staff\paymentmanagement.php on line 95
[25-Dec-2024 19:02:36 Europe/Berlin] PHP Warning:  Undefined variable $feeName in C:\xampp\htdocs\PAY-THON\staff\paymentmanagement.php on line 95
[25-Dec-2024 19:02:36 Europe/Berlin] Staff organizations found: Array
(
    [0] => Array
        (
            [OrganizationID] => VENOM
            [school_year] => 2024-2025
            [semester] => 1st
            [OrgName] => Venom Publication
        )

)

[25-Dec-2024 19:02:36 Europe/Berlin] PHP Warning:  Undefined variable $studentID in C:\xampp\htdocs\PAY-THON\staff\paymentmanagement.php on line 95
[25-Dec-2024 19:02:36 Europe/Berlin] PHP Warning:  Undefined variable $feeName in C:\xampp\htdocs\PAY-THON\staff\paymentmanagement.php on line 95
[25-Dec-2024 19:02:36 Europe/Berlin] PHP Warning:  Undefined variable $studentID in C:\xampp\htdocs\PAY-THON\staff\paymentmanagement.php on line 95
[25-Dec-2024 19:02:36 Europe/Berlin] PHP Warning:  Undefined variable $feeName in C:\xampp\htdocs\PAY-THON\staff\paymentmanagement.php on line 95
[25-Dec-2024 19:02:36 Europe/Berlin] PHP Warning:  Undefined variable $studentID in C:\xampp\htdocs\PAY-THON\staff\paymentmanagement.php on line 95
[25-Dec-2024 19:02:36 Europe/Berlin] PHP Warning:  Undefined variable $feeName in C:\xampp\htdocs\PAY-THON\staff\paymentmanagement.php on line 95
[25-Dec-2024 19:02:36 Europe/Berlin] Staff organizations found: Array
(
    [0] => Array
        (
            [OrganizationID] => VENOM
            [school_year] => 2024-2025
            [semester] => 1st
            [OrgName] => Venom Publication
        )

)

[25-Dec-2024 19:02:36 Europe/Berlin] PHP Warning:  Undefined variable $studentID in C:\xampp\htdocs\PAY-THON\staff\paymentmanagement.php on line 95
[25-Dec-2024 19:02:36 Europe/Berlin] PHP Warning:  Undefined variable $feeName in C:\xampp\htdocs\PAY-THON\staff\paymentmanagement.php on line 95
[25-Dec-2024 19:02:36 Europe/Berlin] PHP Warning:  Undefined variable $studentID in C:\xampp\htdocs\PAY-THON\staff\paymentmanagement.php on line 95
[25-Dec-2024 19:02:36 Europe/Berlin] PHP Warning:  Undefined variable $feeName in C:\xampp\htdocs\PAY-THON\staff\paymentmanagement.php on line 95
[25-Dec-2024 19:02:36 Europe/Berlin] PHP Warning:  Undefined variable $studentID in C:\xampp\htdocs\PAY-THON\staff\paymentmanagement.php on line 95
[25-Dec-2024 19:02:36 Europe/Berlin] PHP Warning:  Undefined variable $feeName in C:\xampp\htdocs\PAY-THON\staff\paymentmanagement.php on line 95
[25-Dec-2024 19:02:36 Europe/Berlin] Staff organizations found: Array
(
    [0] => Array
        (
            [OrganizationID] => VENOM
            [school_year] => 2024-2025
            [semester] => 1st
            [OrgName] => Venom Publication
        )

)

[25-Dec-2024 19:02:36 Europe/Berlin] PHP Warning:  Undefined variable $studentID in C:\xampp\htdocs\PAY-THON\staff\paymentmanagement.php on line 95
[25-Dec-2024 19:02:36 Europe/Berlin] PHP Warning:  Undefined variable $feeName in C:\xampp\htdocs\PAY-THON\staff\paymentmanagement.php on line 95
[25-Dec-2024 19:02:36 Europe/Berlin] PHP Warning:  Undefined variable $studentID in C:\xampp\htdocs\PAY-THON\staff\paymentmanagement.php on line 95
[25-Dec-2024 19:02:36 Europe/Berlin] PHP Warning:  Undefined variable $feeName in C:\xampp\htdocs\PAY-THON\staff\paymentmanagement.php on line 95
[25-Dec-2024 19:02:36 Europe/Berlin] PHP Warning:  Undefined variable $studentID in C:\xampp\htdocs\PAY-THON\staff\paymentmanagement.php on line 95
[25-Dec-2024 19:02:36 Europe/Berlin] PHP Warning:  Undefined variable $feeName in C:\xampp\htdocs\PAY-THON\staff\paymentmanagement.php on line 95
[25-Dec-2024 19:05:08 Europe/Berlin] Staff organizations found: Array
(
    [0] => Array
        (
            [OrganizationID] => VENOM
            [school_year] => 2024-2025
            [semester] => 1st
            [OrgName] => Venom Publication
        )

)

[25-Dec-2024 19:05:08 Europe/Berlin] PHP Warning:  Undefined variable $studentID in C:\xampp\htdocs\PAY-THON\staff\paymentmanagement.php on line 95
[25-Dec-2024 19:05:08 Europe/Berlin] PHP Warning:  Undefined variable $feeName in C:\xampp\htdocs\PAY-THON\staff\paymentmanagement.php on line 95
[25-Dec-2024 19:05:08 Europe/Berlin] PHP Warning:  Undefined variable $studentID in C:\xampp\htdocs\PAY-THON\staff\paymentmanagement.php on line 95
[25-Dec-2024 19:05:08 Europe/Berlin] PHP Warning:  Undefined variable $feeName in C:\xampp\htdocs\PAY-THON\staff\paymentmanagement.php on line 95
[25-Dec-2024 19:05:08 Europe/Berlin] PHP Warning:  Undefined variable $studentID in C:\xampp\htdocs\PAY-THON\staff\paymentmanagement.php on line 95
[25-Dec-2024 19:05:08 Europe/Berlin] PHP Warning:  Undefined variable $feeName in C:\xampp\htdocs\PAY-THON\staff\paymentmanagement.php on line 95
[25-Dec-2024 19:05:08 Europe/Berlin] Staff organizations found: Array
(
    [0] => Array
        (
            [OrganizationID] => VENOM
            [school_year] => 2024-2025
            [semester] => 1st
            [OrgName] => Venom Publication
        )

)

[25-Dec-2024 19:05:08 Europe/Berlin] PHP Warning:  Undefined variable $studentID in C:\xampp\htdocs\PAY-THON\staff\paymentmanagement.php on line 95
[25-Dec-2024 19:05:08 Europe/Berlin] PHP Warning:  Undefined variable $feeName in C:\xampp\htdocs\PAY-THON\staff\paymentmanagement.php on line 95
[25-Dec-2024 19:05:08 Europe/Berlin] PHP Warning:  Undefined variable $studentID in C:\xampp\htdocs\PAY-THON\staff\paymentmanagement.php on line 95
[25-Dec-2024 19:05:08 Europe/Berlin] PHP Warning:  Undefined variable $feeName in C:\xampp\htdocs\PAY-THON\staff\paymentmanagement.php on line 95
[25-Dec-2024 19:05:08 Europe/Berlin] PHP Warning:  Undefined variable $studentID in C:\xampp\htdocs\PAY-THON\staff\paymentmanagement.php on line 95
[25-Dec-2024 19:05:08 Europe/Berlin] PHP Warning:  Undefined variable $feeName in C:\xampp\htdocs\PAY-THON\staff\paymentmanagement.php on line 95
[25-Dec-2024 19:05:08 Europe/Berlin] Staff organizations found: Array
(
    [0] => Array
        (
            [OrganizationID] => VENOM
            [school_year] => 2024-2025
            [semester] => 1st
            [OrgName] => Venom Publication
        )

)

[25-Dec-2024 19:05:08 Europe/Berlin] PHP Warning:  Undefined variable $studentID in C:\xampp\htdocs\PAY-THON\staff\paymentmanagement.php on line 95
[25-Dec-2024 19:05:08 Europe/Berlin] PHP Warning:  Undefined variable $feeName in C:\xampp\htdocs\PAY-THON\staff\paymentmanagement.php on line 95
[25-Dec-2024 19:05:08 Europe/Berlin] PHP Warning:  Undefined variable $studentID in C:\xampp\htdocs\PAY-THON\staff\paymentmanagement.php on line 95
[25-Dec-2024 19:05:08 Europe/Berlin] PHP Warning:  Undefined variable $feeName in C:\xampp\htdocs\PAY-THON\staff\paymentmanagement.php on line 95
[25-Dec-2024 19:05:08 Europe/Berlin] PHP Warning:  Undefined variable $studentID in C:\xampp\htdocs\PAY-THON\staff\paymentmanagement.php on line 95
[25-Dec-2024 19:05:08 Europe/Berlin] PHP Warning:  Undefined variable $feeName in C:\xampp\htdocs\PAY-THON\staff\paymentmanagement.php on line 95
[25-Dec-2024 19:05:08 Europe/Berlin] Staff organizations found: Array
(
    [0] => Array
        (
            [OrganizationID] => VENOM
            [school_year] => 2024-2025
            [semester] => 1st
            [OrgName] => Venom Publication
        )

)

[25-Dec-2024 19:05:08 Europe/Berlin] PHP Warning:  Undefined variable $studentID in C:\xampp\htdocs\PAY-THON\staff\paymentmanagement.php on line 95
[25-Dec-2024 19:05:08 Europe/Berlin] PHP Warning:  Undefined variable $feeName in C:\xampp\htdocs\PAY-THON\staff\paymentmanagement.php on line 95
[25-Dec-2024 19:05:08 Europe/Berlin] PHP Warning:  Undefined variable $studentID in C:\xampp\htdocs\PAY-THON\staff\paymentmanagement.php on line 95
[25-Dec-2024 19:05:08 Europe/Berlin] PHP Warning:  Undefined variable $feeName in C:\xampp\htdocs\PAY-THON\staff\paymentmanagement.php on line 95
[25-Dec-2024 19:05:08 Europe/Berlin] PHP Warning:  Undefined variable $studentID in C:\xampp\htdocs\PAY-THON\staff\paymentmanagement.php on line 95
[25-Dec-2024 19:05:08 Europe/Berlin] PHP Warning:  Undefined variable $feeName in C:\xampp\htdocs\PAY-THON\staff\paymentmanagement.php on line 95
[25-Dec-2024 19:05:46 Europe/Berlin] Staff organizations found: Array
(
    [0] => Array
        (
            [OrganizationID] => VENOM
            [school_year] => 2024-2025
            [semester] => 1st
            [OrgName] => Venom Publication
        )

)

[25-Dec-2024 19:05:46 Europe/Berlin] PHP Warning:  Undefined variable $studentID in C:\xampp\htdocs\PAY-THON\staff\paymentmanagement.php on line 95
[25-Dec-2024 19:05:46 Europe/Berlin] PHP Warning:  Undefined variable $feeName in C:\xampp\htdocs\PAY-THON\staff\paymentmanagement.php on line 95
[25-Dec-2024 19:05:46 Europe/Berlin] PHP Warning:  Undefined variable $studentID in C:\xampp\htdocs\PAY-THON\staff\paymentmanagement.php on line 95
[25-Dec-2024 19:05:46 Europe/Berlin] PHP Warning:  Undefined variable $feeName in C:\xampp\htdocs\PAY-THON\staff\paymentmanagement.php on line 95
[25-Dec-2024 19:05:46 Europe/Berlin] PHP Warning:  Undefined variable $studentID in C:\xampp\htdocs\PAY-THON\staff\paymentmanagement.php on line 95
[25-Dec-2024 19:05:46 Europe/Berlin] PHP Warning:  Undefined variable $feeName in C:\xampp\htdocs\PAY-THON\staff\paymentmanagement.php on line 95
[25-Dec-2024 19:05:59 Europe/Berlin] Staff organizations found: Array
(
    [0] => Array
        (
            [OrganizationID] => VENOM
            [school_year] => 2024-2025
            [semester] => 1st
            [OrgName] => Venom Publication
        )

)

[25-Dec-2024 19:05:59 Europe/Berlin] PHP Warning:  Undefined variable $studentID in C:\xampp\htdocs\PAY-THON\staff\paymentmanagement.php on line 95
[25-Dec-2024 19:05:59 Europe/Berlin] PHP Warning:  Undefined variable $feeName in C:\xampp\htdocs\PAY-THON\staff\paymentmanagement.php on line 95
[25-Dec-2024 19:05:59 Europe/Berlin] PHP Warning:  Undefined variable $studentID in C:\xampp\htdocs\PAY-THON\staff\paymentmanagement.php on line 95
[25-Dec-2024 19:05:59 Europe/Berlin] PHP Warning:  Undefined variable $feeName in C:\xampp\htdocs\PAY-THON\staff\paymentmanagement.php on line 95
[25-Dec-2024 19:05:59 Europe/Berlin] PHP Warning:  Undefined variable $studentID in C:\xampp\htdocs\PAY-THON\staff\paymentmanagement.php on line 95
[25-Dec-2024 19:05:59 Europe/Berlin] PHP Warning:  Undefined variable $feeName in C:\xampp\htdocs\PAY-THON\staff\paymentmanagement.php on line 95
[25-Dec-2024 19:06:02 Europe/Berlin] Staff organizations found: Array
(
    [0] => Array
        (
            [OrganizationID] => VENOM
            [school_year] => 2024-2025
            [semester] => 1st
            [OrgName] => Venom Publication
        )

)

[25-Dec-2024 19:06:02 Europe/Berlin] PHP Warning:  Undefined variable $studentID in C:\xampp\htdocs\PAY-THON\staff\paymentmanagement.php on line 95
[25-Dec-2024 19:06:02 Europe/Berlin] PHP Warning:  Undefined variable $feeName in C:\xampp\htdocs\PAY-THON\staff\paymentmanagement.php on line 95
[25-Dec-2024 19:06:02 Europe/Berlin] PHP Warning:  Undefined variable $studentID in C:\xampp\htdocs\PAY-THON\staff\paymentmanagement.php on line 95
[25-Dec-2024 19:06:02 Europe/Berlin] PHP Warning:  Undefined variable $feeName in C:\xampp\htdocs\PAY-THON\staff\paymentmanagement.php on line 95
[25-Dec-2024 19:06:02 Europe/Berlin] PHP Warning:  Undefined variable $studentID in C:\xampp\htdocs\PAY-THON\staff\paymentmanagement.php on line 95
[25-Dec-2024 19:06:02 Europe/Berlin] PHP Warning:  Undefined variable $feeName in C:\xampp\htdocs\PAY-THON\staff\paymentmanagement.php on line 95
[25-Dec-2024 19:21:13 Europe/Berlin] Staff organizations found: Array
(
    [0] => Array
        (
            [OrganizationID] => VENOM
            [school_year] => 2024-2025
            [semester] => 1st
            [OrgName] => Venom Publication
        )

)

[25-Dec-2024 19:21:13 Europe/Berlin] PHP Warning:  Undefined variable $studentID in C:\xampp\htdocs\PAY-THON\staff\paymentmanagement.php on line 95
[25-Dec-2024 19:21:13 Europe/Berlin] PHP Warning:  Undefined variable $feeName in C:\xampp\htdocs\PAY-THON\staff\paymentmanagement.php on line 95
[25-Dec-2024 19:21:13 Europe/Berlin] PHP Warning:  Undefined variable $studentID in C:\xampp\htdocs\PAY-THON\staff\paymentmanagement.php on line 95
[25-Dec-2024 19:21:13 Europe/Berlin] PHP Warning:  Undefined variable $feeName in C:\xampp\htdocs\PAY-THON\staff\paymentmanagement.php on line 95
[25-Dec-2024 19:21:13 Europe/Berlin] PHP Warning:  Undefined variable $studentID in C:\xampp\htdocs\PAY-THON\staff\paymentmanagement.php on line 95
[25-Dec-2024 19:21:13 Europe/Berlin] PHP Warning:  Undefined variable $feeName in C:\xampp\htdocs\PAY-THON\staff\paymentmanagement.php on line 95
[25-Dec-2024 19:21:13 Europe/Berlin] Staff organizations found: Array
(
    [0] => Array
        (
            [OrganizationID] => VENOM
            [school_year] => 2024-2025
            [semester] => 1st
            [OrgName] => Venom Publication
        )

)

[25-Dec-2024 19:21:13 Europe/Berlin] PHP Warning:  Undefined variable $studentID in C:\xampp\htdocs\PAY-THON\staff\paymentmanagement.php on line 95
[25-Dec-2024 19:21:13 Europe/Berlin] PHP Warning:  Undefined variable $feeName in C:\xampp\htdocs\PAY-THON\staff\paymentmanagement.php on line 95
[25-Dec-2024 19:21:13 Europe/Berlin] PHP Warning:  Undefined variable $studentID in C:\xampp\htdocs\PAY-THON\staff\paymentmanagement.php on line 95
[25-Dec-2024 19:21:13 Europe/Berlin] PHP Warning:  Undefined variable $feeName in C:\xampp\htdocs\PAY-THON\staff\paymentmanagement.php on line 95
[25-Dec-2024 19:21:13 Europe/Berlin] PHP Warning:  Undefined variable $studentID in C:\xampp\htdocs\PAY-THON\staff\paymentmanagement.php on line 95
[25-Dec-2024 19:21:13 Europe/Berlin] PHP Warning:  Undefined variable $feeName in C:\xampp\htdocs\PAY-THON\staff\paymentmanagement.php on line 95
[25-Dec-2024 19:46:39 Europe/Berlin] Staff organizations found: Array
(
    [0] => Array
        (
            [OrganizationID] => VENOM
            [school_year] => 2024-2025
            [semester] => 1st
            [OrgName] => Venom Publication
        )

)

[25-Dec-2024 19:46:39 Europe/Berlin] PHP Warning:  Undefined variable $studentID in C:\xampp\htdocs\PAY-THON\staff\paymentmanagement.php on line 97
[25-Dec-2024 19:46:39 Europe/Berlin] PHP Warning:  Undefined variable $feeName in C:\xampp\htdocs\PAY-THON\staff\paymentmanagement.php on line 97
[25-Dec-2024 19:46:39 Europe/Berlin] PHP Warning:  Undefined variable $studentID in C:\xampp\htdocs\PAY-THON\staff\paymentmanagement.php on line 97
[25-Dec-2024 19:46:39 Europe/Berlin] PHP Warning:  Undefined variable $feeName in C:\xampp\htdocs\PAY-THON\staff\paymentmanagement.php on line 97
[25-Dec-2024 19:46:39 Europe/Berlin] PHP Warning:  Undefined variable $studentID in C:\xampp\htdocs\PAY-THON\staff\paymentmanagement.php on line 97
[25-Dec-2024 19:46:39 Europe/Berlin] PHP Warning:  Undefined variable $feeName in C:\xampp\htdocs\PAY-THON\staff\paymentmanagement.php on line 97
[25-Dec-2024 19:46:41 Europe/Berlin] Staff organizations found: Array
(
    [0] => Array
        (
            [OrganizationID] => VENOM
            [school_year] => 2024-2025
            [semester] => 1st
            [OrgName] => Venom Publication
        )

)

[25-Dec-2024 19:46:41 Europe/Berlin] PHP Warning:  Undefined variable $studentID in C:\xampp\htdocs\PAY-THON\staff\paymentmanagement.php on line 97
[25-Dec-2024 19:46:41 Europe/Berlin] PHP Warning:  Undefined variable $feeName in C:\xampp\htdocs\PAY-THON\staff\paymentmanagement.php on line 97
[25-Dec-2024 19:46:41 Europe/Berlin] PHP Warning:  Undefined variable $studentID in C:\xampp\htdocs\PAY-THON\staff\paymentmanagement.php on line 97
[25-Dec-2024 19:46:41 Europe/Berlin] PHP Warning:  Undefined variable $feeName in C:\xampp\htdocs\PAY-THON\staff\paymentmanagement.php on line 97
[25-Dec-2024 19:46:41 Europe/Berlin] PHP Warning:  Undefined variable $studentID in C:\xampp\htdocs\PAY-THON\staff\paymentmanagement.php on line 97
[25-Dec-2024 19:46:41 Europe/Berlin] PHP Warning:  Undefined variable $feeName in C:\xampp\htdocs\PAY-THON\staff\paymentmanagement.php on line 97
[25-Dec-2024 19:46:41 Europe/Berlin] Staff organizations found: Array
(
    [0] => Array
        (
            [OrganizationID] => VENOM
            [school_year] => 2024-2025
            [semester] => 1st
            [OrgName] => Venom Publication
        )

)

[25-Dec-2024 19:46:41 Europe/Berlin] PHP Warning:  Undefined variable $studentID in C:\xampp\htdocs\PAY-THON\staff\paymentmanagement.php on line 97
[25-Dec-2024 19:46:41 Europe/Berlin] PHP Warning:  Undefined variable $feeName in C:\xampp\htdocs\PAY-THON\staff\paymentmanagement.php on line 97
[25-Dec-2024 19:46:41 Europe/Berlin] PHP Warning:  Undefined variable $studentID in C:\xampp\htdocs\PAY-THON\staff\paymentmanagement.php on line 97
[25-Dec-2024 19:46:41 Europe/Berlin] PHP Warning:  Undefined variable $feeName in C:\xampp\htdocs\PAY-THON\staff\paymentmanagement.php on line 97
[25-Dec-2024 19:46:41 Europe/Berlin] PHP Warning:  Undefined variable $studentID in C:\xampp\htdocs\PAY-THON\staff\paymentmanagement.php on line 97
[25-Dec-2024 19:46:41 Europe/Berlin] PHP Warning:  Undefined variable $feeName in C:\xampp\htdocs\PAY-THON\staff\paymentmanagement.php on line 97
[25-Dec-2024 19:46:41 Europe/Berlin] Staff organizations found: Array
(
    [0] => Array
        (
            [OrganizationID] => VENOM
            [school_year] => 2024-2025
            [semester] => 1st
            [OrgName] => Venom Publication
        )

)

[25-Dec-2024 19:46:41 Europe/Berlin] PHP Warning:  Undefined variable $studentID in C:\xampp\htdocs\PAY-THON\staff\paymentmanagement.php on line 97
[25-Dec-2024 19:46:41 Europe/Berlin] PHP Warning:  Undefined variable $feeName in C:\xampp\htdocs\PAY-THON\staff\paymentmanagement.php on line 97
[25-Dec-2024 19:46:41 Europe/Berlin] PHP Warning:  Undefined variable $studentID in C:\xampp\htdocs\PAY-THON\staff\paymentmanagement.php on line 97
[25-Dec-2024 19:46:41 Europe/Berlin] PHP Warning:  Undefined variable $feeName in C:\xampp\htdocs\PAY-THON\staff\paymentmanagement.php on line 97
[25-Dec-2024 19:46:41 Europe/Berlin] PHP Warning:  Undefined variable $studentID in C:\xampp\htdocs\PAY-THON\staff\paymentmanagement.php on line 97
[25-Dec-2024 19:46:41 Europe/Berlin] PHP Warning:  Undefined variable $feeName in C:\xampp\htdocs\PAY-THON\staff\paymentmanagement.php on line 97
[25-Dec-2024 19:46:41 Europe/Berlin] Staff organizations found: Array
(
    [0] => Array
        (
            [OrganizationID] => VENOM
            [school_year] => 2024-2025
            [semester] => 1st
            [OrgName] => Venom Publication
        )

)

[25-Dec-2024 19:46:41 Europe/Berlin] PHP Warning:  Undefined variable $studentID in C:\xampp\htdocs\PAY-THON\staff\paymentmanagement.php on line 97
[25-Dec-2024 19:46:41 Europe/Berlin] PHP Warning:  Undefined variable $feeName in C:\xampp\htdocs\PAY-THON\staff\paymentmanagement.php on line 97
[25-Dec-2024 19:46:41 Europe/Berlin] PHP Warning:  Undefined variable $studentID in C:\xampp\htdocs\PAY-THON\staff\paymentmanagement.php on line 97
[25-Dec-2024 19:46:41 Europe/Berlin] PHP Warning:  Undefined variable $feeName in C:\xampp\htdocs\PAY-THON\staff\paymentmanagement.php on line 97
[25-Dec-2024 19:46:41 Europe/Berlin] PHP Warning:  Undefined variable $studentID in C:\xampp\htdocs\PAY-THON\staff\paymentmanagement.php on line 97
[25-Dec-2024 19:46:41 Europe/Berlin] PHP Warning:  Undefined variable $feeName in C:\xampp\htdocs\PAY-THON\staff\paymentmanagement.php on line 97
[25-Dec-2024 19:46:41 Europe/Berlin] Staff organizations found: Array
(
    [0] => Array
        (
            [OrganizationID] => VENOM
            [school_year] => 2024-2025
            [semester] => 1st
            [OrgName] => Venom Publication
        )

)

[25-Dec-2024 19:46:41 Europe/Berlin] PHP Warning:  Undefined variable $studentID in C:\xampp\htdocs\PAY-THON\staff\paymentmanagement.php on line 97
[25-Dec-2024 19:46:41 Europe/Berlin] PHP Warning:  Undefined variable $feeName in C:\xampp\htdocs\PAY-THON\staff\paymentmanagement.php on line 97
[25-Dec-2024 19:46:41 Europe/Berlin] PHP Warning:  Undefined variable $studentID in C:\xampp\htdocs\PAY-THON\staff\paymentmanagement.php on line 97
[25-Dec-2024 19:46:41 Europe/Berlin] PHP Warning:  Undefined variable $feeName in C:\xampp\htdocs\PAY-THON\staff\paymentmanagement.php on line 97
[25-Dec-2024 19:46:41 Europe/Berlin] PHP Warning:  Undefined variable $studentID in C:\xampp\htdocs\PAY-THON\staff\paymentmanagement.php on line 97
[25-Dec-2024 19:46:41 Europe/Berlin] PHP Warning:  Undefined variable $feeName in C:\xampp\htdocs\PAY-THON\staff\paymentmanagement.php on line 97
[25-Dec-2024 19:46:42 Europe/Berlin] Staff organizations found: Array
(
    [0] => Array
        (
            [OrganizationID] => VENOM
            [school_year] => 2024-2025
            [semester] => 1st
            [OrgName] => Venom Publication
        )

)

[25-Dec-2024 19:46:42 Europe/Berlin] PHP Warning:  Undefined variable $studentID in C:\xampp\htdocs\PAY-THON\staff\paymentmanagement.php on line 97
[25-Dec-2024 19:46:42 Europe/Berlin] PHP Warning:  Undefined variable $feeName in C:\xampp\htdocs\PAY-THON\staff\paymentmanagement.php on line 97
[25-Dec-2024 19:46:42 Europe/Berlin] PHP Warning:  Undefined variable $studentID in C:\xampp\htdocs\PAY-THON\staff\paymentmanagement.php on line 97
[25-Dec-2024 19:46:42 Europe/Berlin] PHP Warning:  Undefined variable $feeName in C:\xampp\htdocs\PAY-THON\staff\paymentmanagement.php on line 97
[25-Dec-2024 19:46:42 Europe/Berlin] PHP Warning:  Undefined variable $studentID in C:\xampp\htdocs\PAY-THON\staff\paymentmanagement.php on line 97
[25-Dec-2024 19:46:42 Europe/Berlin] PHP Warning:  Undefined variable $feeName in C:\xampp\htdocs\PAY-THON\staff\paymentmanagement.php on line 97
[25-Dec-2024 19:46:42 Europe/Berlin] Staff organizations found: Array
(
    [0] => Array
        (
            [OrganizationID] => VENOM
            [school_year] => 2024-2025
            [semester] => 1st
            [OrgName] => Venom Publication
        )

)

[25-Dec-2024 19:46:42 Europe/Berlin] PHP Warning:  Undefined variable $studentID in C:\xampp\htdocs\PAY-THON\staff\paymentmanagement.php on line 97
[25-Dec-2024 19:46:42 Europe/Berlin] PHP Warning:  Undefined variable $feeName in C:\xampp\htdocs\PAY-THON\staff\paymentmanagement.php on line 97
[25-Dec-2024 19:46:42 Europe/Berlin] PHP Warning:  Undefined variable $studentID in C:\xampp\htdocs\PAY-THON\staff\paymentmanagement.php on line 97
[25-Dec-2024 19:46:42 Europe/Berlin] PHP Warning:  Undefined variable $feeName in C:\xampp\htdocs\PAY-THON\staff\paymentmanagement.php on line 97
[25-Dec-2024 19:46:42 Europe/Berlin] PHP Warning:  Undefined variable $studentID in C:\xampp\htdocs\PAY-THON\staff\paymentmanagement.php on line 97
[25-Dec-2024 19:46:42 Europe/Berlin] PHP Warning:  Undefined variable $feeName in C:\xampp\htdocs\PAY-THON\staff\paymentmanagement.php on line 97
[25-Dec-2024 19:46:42 Europe/Berlin] Staff organizations found: Array
(
    [0] => Array
        (
            [OrganizationID] => VENOM
            [school_year] => 2024-2025
            [semester] => 1st
            [OrgName] => Venom Publication
        )

)

[25-Dec-2024 19:46:42 Europe/Berlin] PHP Warning:  Undefined variable $studentID in C:\xampp\htdocs\PAY-THON\staff\paymentmanagement.php on line 97
[25-Dec-2024 19:46:42 Europe/Berlin] PHP Warning:  Undefined variable $feeName in C:\xampp\htdocs\PAY-THON\staff\paymentmanagement.php on line 97
[25-Dec-2024 19:46:42 Europe/Berlin] PHP Warning:  Undefined variable $studentID in C:\xampp\htdocs\PAY-THON\staff\paymentmanagement.php on line 97
[25-Dec-2024 19:46:42 Europe/Berlin] PHP Warning:  Undefined variable $feeName in C:\xampp\htdocs\PAY-THON\staff\paymentmanagement.php on line 97
[25-Dec-2024 19:46:42 Europe/Berlin] PHP Warning:  Undefined variable $studentID in C:\xampp\htdocs\PAY-THON\staff\paymentmanagement.php on line 97
[25-Dec-2024 19:46:42 Europe/Berlin] PHP Warning:  Undefined variable $feeName in C:\xampp\htdocs\PAY-THON\staff\paymentmanagement.php on line 97
[25-Dec-2024 19:46:42 Europe/Berlin] Staff organizations found: Array
(
    [0] => Array
        (
            [OrganizationID] => VENOM
            [school_year] => 2024-2025
            [semester] => 1st
            [OrgName] => Venom Publication
        )

)

[25-Dec-2024 19:46:42 Europe/Berlin] PHP Warning:  Undefined variable $studentID in C:\xampp\htdocs\PAY-THON\staff\paymentmanagement.php on line 97
[25-Dec-2024 19:46:42 Europe/Berlin] PHP Warning:  Undefined variable $feeName in C:\xampp\htdocs\PAY-THON\staff\paymentmanagement.php on line 97
[25-Dec-2024 19:46:42 Europe/Berlin] PHP Warning:  Undefined variable $studentID in C:\xampp\htdocs\PAY-THON\staff\paymentmanagement.php on line 97
[25-Dec-2024 19:46:42 Europe/Berlin] PHP Warning:  Undefined variable $feeName in C:\xampp\htdocs\PAY-THON\staff\paymentmanagement.php on line 97
[25-Dec-2024 19:46:42 Europe/Berlin] PHP Warning:  Undefined variable $studentID in C:\xampp\htdocs\PAY-THON\staff\paymentmanagement.php on line 97
[25-Dec-2024 19:46:42 Europe/Berlin] PHP Warning:  Undefined variable $feeName in C:\xampp\htdocs\PAY-THON\staff\paymentmanagement.php on line 97
[25-Dec-2024 19:46:42 Europe/Berlin] Staff organizations found: Array
(
    [0] => Array
        (
            [OrganizationID] => VENOM
            [school_year] => 2024-2025
            [semester] => 1st
            [OrgName] => Venom Publication
        )

)

[25-Dec-2024 19:46:42 Europe/Berlin] PHP Warning:  Undefined variable $studentID in C:\xampp\htdocs\PAY-THON\staff\paymentmanagement.php on line 97
[25-Dec-2024 19:46:42 Europe/Berlin] PHP Warning:  Undefined variable $feeName in C:\xampp\htdocs\PAY-THON\staff\paymentmanagement.php on line 97
[25-Dec-2024 19:46:42 Europe/Berlin] PHP Warning:  Undefined variable $studentID in C:\xampp\htdocs\PAY-THON\staff\paymentmanagement.php on line 97
[25-Dec-2024 19:46:42 Europe/Berlin] PHP Warning:  Undefined variable $feeName in C:\xampp\htdocs\PAY-THON\staff\paymentmanagement.php on line 97
[25-Dec-2024 19:46:42 Europe/Berlin] PHP Warning:  Undefined variable $studentID in C:\xampp\htdocs\PAY-THON\staff\paymentmanagement.php on line 97
[25-Dec-2024 19:46:42 Europe/Berlin] PHP Warning:  Undefined variable $feeName in C:\xampp\htdocs\PAY-THON\staff\paymentmanagement.php on line 97
[25-Dec-2024 19:46:42 Europe/Berlin] Staff organizations found: Array
(
    [0] => Array
        (
            [OrganizationID] => VENOM
            [school_year] => 2024-2025
            [semester] => 1st
            [OrgName] => Venom Publication
        )

)

[25-Dec-2024 19:46:42 Europe/Berlin] PHP Warning:  Undefined variable $studentID in C:\xampp\htdocs\PAY-THON\staff\paymentmanagement.php on line 97
[25-Dec-2024 19:46:42 Europe/Berlin] PHP Warning:  Undefined variable $feeName in C:\xampp\htdocs\PAY-THON\staff\paymentmanagement.php on line 97
[25-Dec-2024 19:46:42 Europe/Berlin] PHP Warning:  Undefined variable $studentID in C:\xampp\htdocs\PAY-THON\staff\paymentmanagement.php on line 97
[25-Dec-2024 19:46:42 Europe/Berlin] PHP Warning:  Undefined variable $feeName in C:\xampp\htdocs\PAY-THON\staff\paymentmanagement.php on line 97
[25-Dec-2024 19:46:42 Europe/Berlin] PHP Warning:  Undefined variable $studentID in C:\xampp\htdocs\PAY-THON\staff\paymentmanagement.php on line 97
[25-Dec-2024 19:46:43 Europe/Berlin] PHP Warning:  Undefined variable $feeName in C:\xampp\htdocs\PAY-THON\staff\paymentmanagement.php on line 97
[25-Dec-2024 19:46:43 Europe/Berlin] Staff organizations found: Array
(
    [0] => Array
        (
            [OrganizationID] => VENOM
            [school_year] => 2024-2025
            [semester] => 1st
            [OrgName] => Venom Publication
        )

)

[25-Dec-2024 19:46:43 Europe/Berlin] PHP Warning:  Undefined variable $studentID in C:\xampp\htdocs\PAY-THON\staff\paymentmanagement.php on line 97
[25-Dec-2024 19:46:43 Europe/Berlin] PHP Warning:  Undefined variable $feeName in C:\xampp\htdocs\PAY-THON\staff\paymentmanagement.php on line 97
[25-Dec-2024 19:46:43 Europe/Berlin] PHP Warning:  Undefined variable $studentID in C:\xampp\htdocs\PAY-THON\staff\paymentmanagement.php on line 97
[25-Dec-2024 19:46:43 Europe/Berlin] PHP Warning:  Undefined variable $feeName in C:\xampp\htdocs\PAY-THON\staff\paymentmanagement.php on line 97
[25-Dec-2024 19:46:43 Europe/Berlin] PHP Warning:  Undefined variable $studentID in C:\xampp\htdocs\PAY-THON\staff\paymentmanagement.php on line 97
[25-Dec-2024 19:46:43 Europe/Berlin] PHP Warning:  Undefined variable $feeName in C:\xampp\htdocs\PAY-THON\staff\paymentmanagement.php on line 97
[25-Dec-2024 19:46:43 Europe/Berlin] Staff organizations found: Array
(
    [0] => Array
        (
            [OrganizationID] => VENOM
            [school_year] => 2024-2025
            [semester] => 1st
            [OrgName] => Venom Publication
        )

)

[25-Dec-2024 19:46:43 Europe/Berlin] PHP Warning:  Undefined variable $studentID in C:\xampp\htdocs\PAY-THON\staff\paymentmanagement.php on line 97
[25-Dec-2024 19:46:43 Europe/Berlin] PHP Warning:  Undefined variable $feeName in C:\xampp\htdocs\PAY-THON\staff\paymentmanagement.php on line 97
[25-Dec-2024 19:46:43 Europe/Berlin] PHP Warning:  Undefined variable $studentID in C:\xampp\htdocs\PAY-THON\staff\paymentmanagement.php on line 97
[25-Dec-2024 19:46:43 Europe/Berlin] PHP Warning:  Undefined variable $feeName in C:\xampp\htdocs\PAY-THON\staff\paymentmanagement.php on line 97
[25-Dec-2024 19:46:43 Europe/Berlin] PHP Warning:  Undefined variable $studentID in C:\xampp\htdocs\PAY-THON\staff\paymentmanagement.php on line 97
[25-Dec-2024 19:46:43 Europe/Berlin] PHP Warning:  Undefined variable $feeName in C:\xampp\htdocs\PAY-THON\staff\paymentmanagement.php on line 97
[25-Dec-2024 19:46:43 Europe/Berlin] Staff organizations found: Array
(
    [0] => Array
        (
            [OrganizationID] => VENOM
            [school_year] => 2024-2025
            [semester] => 1st
            [OrgName] => Venom Publication
        )

)

[25-Dec-2024 19:46:43 Europe/Berlin] PHP Warning:  Undefined variable $studentID in C:\xampp\htdocs\PAY-THON\staff\paymentmanagement.php on line 97
[25-Dec-2024 19:46:43 Europe/Berlin] PHP Warning:  Undefined variable $feeName in C:\xampp\htdocs\PAY-THON\staff\paymentmanagement.php on line 97
[25-Dec-2024 19:46:43 Europe/Berlin] PHP Warning:  Undefined variable $studentID in C:\xampp\htdocs\PAY-THON\staff\paymentmanagement.php on line 97
[25-Dec-2024 19:46:43 Europe/Berlin] PHP Warning:  Undefined variable $feeName in C:\xampp\htdocs\PAY-THON\staff\paymentmanagement.php on line 97
[25-Dec-2024 19:46:43 Europe/Berlin] PHP Warning:  Undefined variable $studentID in C:\xampp\htdocs\PAY-THON\staff\paymentmanagement.php on line 97
[25-Dec-2024 19:46:43 Europe/Berlin] PHP Warning:  Undefined variable $feeName in C:\xampp\htdocs\PAY-THON\staff\paymentmanagement.php on line 97
[25-Dec-2024 19:46:43 Europe/Berlin] Staff organizations found: Array
(
    [0] => Array
        (
            [OrganizationID] => VENOM
            [school_year] => 2024-2025
            [semester] => 1st
            [OrgName] => Venom Publication
        )

)

[25-Dec-2024 19:46:43 Europe/Berlin] PHP Warning:  Undefined variable $studentID in C:\xampp\htdocs\PAY-THON\staff\paymentmanagement.php on line 97
[25-Dec-2024 19:46:43 Europe/Berlin] PHP Warning:  Undefined variable $feeName in C:\xampp\htdocs\PAY-THON\staff\paymentmanagement.php on line 97
[25-Dec-2024 19:46:43 Europe/Berlin] PHP Warning:  Undefined variable $studentID in C:\xampp\htdocs\PAY-THON\staff\paymentmanagement.php on line 97
[25-Dec-2024 19:46:43 Europe/Berlin] PHP Warning:  Undefined variable $feeName in C:\xampp\htdocs\PAY-THON\staff\paymentmanagement.php on line 97
[25-Dec-2024 19:46:43 Europe/Berlin] PHP Warning:  Undefined variable $studentID in C:\xampp\htdocs\PAY-THON\staff\paymentmanagement.php on line 97
[25-Dec-2024 19:46:43 Europe/Berlin] PHP Warning:  Undefined variable $feeName in C:\xampp\htdocs\PAY-THON\staff\paymentmanagement.php on line 97
[25-Dec-2024 19:46:43 Europe/Berlin] Staff organizations found: Array
(
    [0] => Array
        (
            [OrganizationID] => VENOM
            [school_year] => 2024-2025
            [semester] => 1st
            [OrgName] => Venom Publication
        )

)

[25-Dec-2024 19:46:43 Europe/Berlin] PHP Warning:  Undefined variable $studentID in C:\xampp\htdocs\PAY-THON\staff\paymentmanagement.php on line 97
[25-Dec-2024 19:46:43 Europe/Berlin] PHP Warning:  Undefined variable $feeName in C:\xampp\htdocs\PAY-THON\staff\paymentmanagement.php on line 97
[25-Dec-2024 19:46:43 Europe/Berlin] PHP Warning:  Undefined variable $studentID in C:\xampp\htdocs\PAY-THON\staff\paymentmanagement.php on line 97
[25-Dec-2024 19:46:43 Europe/Berlin] PHP Warning:  Undefined variable $feeName in C:\xampp\htdocs\PAY-THON\staff\paymentmanagement.php on line 97
[25-Dec-2024 19:46:43 Europe/Berlin] PHP Warning:  Undefined variable $studentID in C:\xampp\htdocs\PAY-THON\staff\paymentmanagement.php on line 97
[25-Dec-2024 19:46:43 Europe/Berlin] PHP Warning:  Undefined variable $feeName in C:\xampp\htdocs\PAY-THON\staff\paymentmanagement.php on line 97
[25-Dec-2024 19:46:44 Europe/Berlin] Staff organizations found: Array
(
    [0] => Array
        (
            [OrganizationID] => VENOM
            [school_year] => 2024-2025
            [semester] => 1st
            [OrgName] => Venom Publication
        )

)

[25-Dec-2024 19:46:44 Europe/Berlin] PHP Warning:  Undefined variable $studentID in C:\xampp\htdocs\PAY-THON\staff\paymentmanagement.php on line 97
[25-Dec-2024 19:46:44 Europe/Berlin] PHP Warning:  Undefined variable $feeName in C:\xampp\htdocs\PAY-THON\staff\paymentmanagement.php on line 97
[25-Dec-2024 19:46:44 Europe/Berlin] PHP Warning:  Undefined variable $studentID in C:\xampp\htdocs\PAY-THON\staff\paymentmanagement.php on line 97
[25-Dec-2024 19:46:44 Europe/Berlin] PHP Warning:  Undefined variable $feeName in C:\xampp\htdocs\PAY-THON\staff\paymentmanagement.php on line 97
[25-Dec-2024 19:46:44 Europe/Berlin] PHP Warning:  Undefined variable $studentID in C:\xampp\htdocs\PAY-THON\staff\paymentmanagement.php on line 97
[25-Dec-2024 19:46:44 Europe/Berlin] PHP Warning:  Undefined variable $feeName in C:\xampp\htdocs\PAY-THON\staff\paymentmanagement.php on line 97
[25-Dec-2024 19:46:44 Europe/Berlin] Staff organizations found: Array
(
    [0] => Array
        (
            [OrganizationID] => VENOM
            [school_year] => 2024-2025
            [semester] => 1st
            [OrgName] => Venom Publication
        )

)

[25-Dec-2024 19:46:44 Europe/Berlin] PHP Warning:  Undefined variable $studentID in C:\xampp\htdocs\PAY-THON\staff\paymentmanagement.php on line 97
[25-Dec-2024 19:46:44 Europe/Berlin] PHP Warning:  Undefined variable $feeName in C:\xampp\htdocs\PAY-THON\staff\paymentmanagement.php on line 97
[25-Dec-2024 19:46:44 Europe/Berlin] PHP Warning:  Undefined variable $studentID in C:\xampp\htdocs\PAY-THON\staff\paymentmanagement.php on line 97
[25-Dec-2024 19:46:44 Europe/Berlin] PHP Warning:  Undefined variable $feeName in C:\xampp\htdocs\PAY-THON\staff\paymentmanagement.php on line 97
[25-Dec-2024 19:46:44 Europe/Berlin] PHP Warning:  Undefined variable $studentID in C:\xampp\htdocs\PAY-THON\staff\paymentmanagement.php on line 97
[25-Dec-2024 19:46:44 Europe/Berlin] PHP Warning:  Undefined variable $feeName in C:\xampp\htdocs\PAY-THON\staff\paymentmanagement.php on line 97
[25-Dec-2024 19:46:44 Europe/Berlin] Staff organizations found: Array
(
    [0] => Array
        (
            [OrganizationID] => VENOM
            [school_year] => 2024-2025
            [semester] => 1st
            [OrgName] => Venom Publication
        )

)

[25-Dec-2024 19:46:44 Europe/Berlin] PHP Warning:  Undefined variable $studentID in C:\xampp\htdocs\PAY-THON\staff\paymentmanagement.php on line 97
[25-Dec-2024 19:46:44 Europe/Berlin] PHP Warning:  Undefined variable $feeName in C:\xampp\htdocs\PAY-THON\staff\paymentmanagement.php on line 97
[25-Dec-2024 19:46:44 Europe/Berlin] PHP Warning:  Undefined variable $studentID in C:\xampp\htdocs\PAY-THON\staff\paymentmanagement.php on line 97
[25-Dec-2024 19:46:44 Europe/Berlin] PHP Warning:  Undefined variable $feeName in C:\xampp\htdocs\PAY-THON\staff\paymentmanagement.php on line 97
[25-Dec-2024 19:46:44 Europe/Berlin] PHP Warning:  Undefined variable $studentID in C:\xampp\htdocs\PAY-THON\staff\paymentmanagement.php on line 97
[25-Dec-2024 19:46:44 Europe/Berlin] PHP Warning:  Undefined variable $feeName in C:\xampp\htdocs\PAY-THON\staff\paymentmanagement.php on line 97
[25-Dec-2024 19:46:44 Europe/Berlin] Staff organizations found: Array
(
    [0] => Array
        (
            [OrganizationID] => VENOM
            [school_year] => 2024-2025
            [semester] => 1st
            [OrgName] => Venom Publication
        )

)

[25-Dec-2024 19:46:44 Europe/Berlin] PHP Warning:  Undefined variable $studentID in C:\xampp\htdocs\PAY-THON\staff\paymentmanagement.php on line 97
[25-Dec-2024 19:46:44 Europe/Berlin] PHP Warning:  Undefined variable $feeName in C:\xampp\htdocs\PAY-THON\staff\paymentmanagement.php on line 97
[25-Dec-2024 19:46:44 Europe/Berlin] PHP Warning:  Undefined variable $studentID in C:\xampp\htdocs\PAY-THON\staff\paymentmanagement.php on line 97
[25-Dec-2024 19:46:44 Europe/Berlin] PHP Warning:  Undefined variable $feeName in C:\xampp\htdocs\PAY-THON\staff\paymentmanagement.php on line 97
[25-Dec-2024 19:46:44 Europe/Berlin] PHP Warning:  Undefined variable $studentID in C:\xampp\htdocs\PAY-THON\staff\paymentmanagement.php on line 97
[25-Dec-2024 19:46:44 Europe/Berlin] PHP Warning:  Undefined variable $feeName in C:\xampp\htdocs\PAY-THON\staff\paymentmanagement.php on line 97
[26-Dec-2024 17:50:11 Europe/Berlin] Staff organizations found: Array
(
)

[26-Dec-2024 17:50:38 Europe/Berlin] Student ID: 5
[26-Dec-2024 17:50:38 Europe/Berlin] Organizations: Array
(
)

[26-Dec-2024 17:50:38 Europe/Berlin] Current Academic Period: Array
(
    [school_year] => 2024-2025
    [semester] => 1st
)

[27-Dec-2024 11:16:25 Europe/Berlin] PHP Warning:  Undefined array key "StudentID" in D:\Xampp\htdocs\PAY-THON\staff\paymentmanagement.php on line 14
[27-Dec-2024 11:16:25 Europe/Berlin] Staff organizations found: Array
(
)

[27-Dec-2024 11:16:25 Europe/Berlin] PHP Warning:  Undefined array key "StudentID" in D:\Xampp\htdocs\PAY-THON\staff\paymentmanagement.php on line 20
[27-Dec-2024 11:16:39 Europe/Berlin] PHP Warning:  Undefined array key "StudentID" in D:\Xampp\htdocs\PAY-THON\staff\paymentmanagement.php on line 14
[27-Dec-2024 11:16:39 Europe/Berlin] Staff organizations found: Array
(
)

[27-Dec-2024 11:16:39 Europe/Berlin] PHP Warning:  Undefined array key "StudentID" in D:\Xampp\htdocs\PAY-THON\staff\paymentmanagement.php on line 20
[27-Dec-2024 11:16:40 Europe/Berlin] PHP Warning:  Undefined array key "StudentID" in D:\Xampp\htdocs\PAY-THON\staff\staff_fees.php on line 9
[27-Dec-2024 11:16:40 Europe/Berlin] Student ID: 
[27-Dec-2024 11:16:40 Europe/Berlin] Organizations: Array
(
)

[27-Dec-2024 11:16:40 Europe/Berlin] Current Academic Period: Array
(
    [school_year] => 2023-2024
    [semester] => 1st
)

[27-Dec-2024 11:16:40 Europe/Berlin] PHP Warning:  Undefined array key "StudentID" in D:\Xampp\htdocs\PAY-THON\staff\staff_fees.php on line 9
[27-Dec-2024 11:16:40 Europe/Berlin] Student ID: 
[27-Dec-2024 11:16:40 Europe/Berlin] Organizations: Array
(
)

[27-Dec-2024 11:16:40 Europe/Berlin] Current Academic Period: Array
(
    [school_year] => 2023-2024
    [semester] => 1st
)

[27-Dec-2024 11:16:44 Europe/Berlin] PHP Warning:  Undefined array key "StudentID" in D:\Xampp\htdocs\PAY-THON\staff\paymentmanagement.php on line 14
[27-Dec-2024 11:16:44 Europe/Berlin] Staff organizations found: Array
(
)

[27-Dec-2024 11:16:44 Europe/Berlin] PHP Warning:  Undefined array key "StudentID" in D:\Xampp\htdocs\PAY-THON\staff\paymentmanagement.php on line 20
[27-Dec-2024 11:17:16 Europe/Berlin] PHP Warning:  Undefined array key "StudentID" in D:\Xampp\htdocs\PAY-THON\staff\paymentmanagement.php on line 14
[27-Dec-2024 11:17:16 Europe/Berlin] Staff organizations found: Array
(
)

[27-Dec-2024 11:17:16 Europe/Berlin] PHP Warning:  Undefined array key "StudentID" in D:\Xampp\htdocs\PAY-THON\staff\paymentmanagement.php on line 20
[27-Dec-2024 11:17:17 Europe/Berlin] PHP Warning:  Undefined array key "StudentID" in D:\Xampp\htdocs\PAY-THON\staff\staff_fees.php on line 9
[27-Dec-2024 11:17:17 Europe/Berlin] Student ID: 
[27-Dec-2024 11:17:17 Europe/Berlin] Organizations: Array
(
)

[27-Dec-2024 11:17:17 Europe/Berlin] Current Academic Period: Array
(
    [school_year] => 2023-2024
    [semester] => 1st
)

[27-Dec-2024 11:17:39 Europe/Berlin] PHP Warning:  Undefined array key "StudentID" in D:\Xampp\htdocs\PAY-THON\staff\paymentmanagement.php on line 14
[27-Dec-2024 11:17:39 Europe/Berlin] Staff organizations found: Array
(
)

[27-Dec-2024 11:17:39 Europe/Berlin] PHP Warning:  Undefined array key "StudentID" in D:\Xampp\htdocs\PAY-THON\staff\paymentmanagement.php on line 20
[27-Dec-2024 11:17:40 Europe/Berlin] PHP Warning:  Undefined array key "StudentID" in D:\Xampp\htdocs\PAY-THON\staff\staff_fees.php on line 9
[27-Dec-2024 11:17:40 Europe/Berlin] Student ID: 
[27-Dec-2024 11:17:40 Europe/Berlin] Organizations: Array
(
)

[27-Dec-2024 11:17:40 Europe/Berlin] Current Academic Period: Array
(
    [school_year] => 2023-2024
    [semester] => 1st
)

[27-Dec-2024 18:25:21 Europe/Berlin] Staff organizations found: Array
(
)

[27-Dec-2024 18:25:30 Europe/Berlin] Staff organizations found: Array
(
)

[27-Dec-2024 18:25:31 Europe/Berlin] Student ID: 
[27-Dec-2024 18:25:31 Europe/Berlin] Organizations: Array
(
)

[27-Dec-2024 18:25:31 Europe/Berlin] Current Academic Period: Array
(
    [school_year] => 2023-2024
    [semester] => 1st
)

