[19-Dec-2024 21:12:13 Europe/Berlin] Payment request exists check: StudentID=1, FeeID=6, Count=0
[19-Dec-2024 21:12:13 Europe/Berlin] Error in createPaymentRequest: SQLSTATE[23000]: Integrity constraint violation: 1062 Duplicate entry '0' for key 'PRIMARY'
[19-Dec-2024 21:12:13 Europe/Berlin] Create request: StudentID=1, FeeID=6, Success=
[19-Dec-2024 21:12:13 Europe/Berlin] Failed to process payment request for StudentID: 1, FeeID: 6
[19-Dec-2024 21:13:53 Europe/Berlin] Payment request exists check: StudentID=1, FeeID=6, Count=0
[19-Dec-2024 21:13:53 Europe/Berlin] CreatePaymentRequest executed successfully for StudentID=1, FeeID=6
[19-Dec-2024 21:13:53 Europe/Berlin] Create request: StudentID=1, FeeID=6, Success=1
[19-Dec-2024 21:36:56 Europe/Berlin] Payment request exists check: StudentID=2, FeeID=6, Count=0
[19-Dec-2024 21:36:56 Europe/Berlin] CreatePaymentRequest executed successfully for StudentID=2, FeeID=6
[19-Dec-2024 21:36:56 Europe/Berlin] Create request: StudentID=2, FeeID=6, Success=1
[19-Dec-2024 21:37:23 Europe/Berlin] Payment request exists check: StudentID=2, FeeID=5, Count=0
[19-Dec-2024 21:37:23 Europe/Berlin] CreatePaymentRequest executed successfully for StudentID=2, FeeID=5
[19-Dec-2024 21:37:23 Europe/Berlin] Create request: StudentID=2, FeeID=5, Success=1
[19-Dec-2024 23:42:59 Europe/Berlin] Payment request exists check: StudentID=1, FeeID=3, Count=0
[19-Dec-2024 23:42:59 Europe/Berlin] CreatePaymentRequest executed successfully for StudentID=1, FeeID=3
[19-Dec-2024 23:42:59 Europe/Berlin] Create request: StudentID=1, FeeID=3, Success=1
[20-Dec-2024 02:59:52 Europe/Berlin] Payment request exists check: StudentID=1, FeeID=6, Count=0
[20-Dec-2024 02:59:52 Europe/Berlin] CreatePaymentRequest executed successfully for StudentID=1, FeeID=6
[20-Dec-2024 02:59:52 Europe/Berlin] Create request: StudentID=1, FeeID=6, Success=1
[20-Dec-2024 03:25:25 Europe/Berlin] Payment request exists check: StudentID=1, FeeID=8, Count=0
[20-Dec-2024 03:25:25 Europe/Berlin] CreatePaymentRequest executed successfully for StudentID=1, FeeID=8
[20-Dec-2024 03:25:25 Europe/Berlin] Create request: StudentID=1, FeeID=8, Success=1
[20-Dec-2024 04:39:14 Europe/Berlin] Payment request exists check: StudentID=202300269, FeeID=9, Count=0
[20-Dec-2024 04:39:14 Europe/Berlin] CreatePaymentRequest executed successfully for StudentID=202300269, FeeID=9
[20-Dec-2024 04:39:14 Europe/Berlin] Create request: StudentID=202300269, FeeID=9, Success=1
[21-Dec-2024 13:25:42 Europe/Berlin] Payment request exists check: StudentID=1, FeeID=9, Count=0
[21-Dec-2024 13:25:42 Europe/Berlin] CreatePaymentRequest executed successfully for StudentID=1, FeeID=9
[21-Dec-2024 13:25:42 Europe/Berlin] Create request: StudentID=1, FeeID=9, Success=1
[26-Dec-2024 11:20:21 Europe/Berlin] PHP Fatal error:  Uncaught TypeError: PDOStatement::bindParam(): Argument #3 ($type) must be of type int, string given in C:\xampp\htdocs\pay-thon\PAY-THON\classes\paymentrequest.class.php:52
Stack trace:
#0 C:\xampp\htdocs\pay-thon\PAY-THON\classes\paymentrequest.class.php(52): PDOStatement->bindParam(':schoolYear', '2024-2025', '2024-2025')
#1 C:\xampp\htdocs\pay-thon\PAY-THON\student\process_payment.php(31): PaymentRequest->paymentRequestExists(2023, '11', '2024-2025', '1st')
#2 {main}
  thrown in C:\xampp\htdocs\pay-thon\PAY-THON\classes\paymentrequest.class.php on line 52
[31-Dec-2024 23:39:45 Europe/Berlin] Database connection established.
[31-Dec-2024 23:39:45 Europe/Berlin] PHP Fatal error:  Uncaught TypeError: PDOStatement::bindParam(): Argument #3 ($type) must be of type int, string given in C:\xampp\htdocs\PAY-THON\classes\paymentrequest.class.php:59
Stack trace:
#0 C:\xampp\htdocs\PAY-THON\classes\paymentrequest.class.php(59): PDOStatement->bindParam(':schoolYear', '2024-2025', '2024-2025')
#1 C:\xampp\htdocs\PAY-THON\student\process_payment.php(31): PaymentRequest->paymentRequestExists(20230026, '16', '2024-2025', '1st')
#2 {main}
  thrown in C:\xampp\htdocs\PAY-THON\classes\paymentrequest.class.php on line 59
[31-Dec-2024 23:48:05 Europe/Berlin] Database connection established.
[31-Dec-2024 23:48:05 Europe/Berlin] PHP Fatal error:  Uncaught PDOException: SQLSTATE[42S22]: Column not found: 1054 Unknown column 'FeeID' in 'where clause' in C:\xampp\htdocs\PAY-THON\classes\paymentrequest.class.php:62
Stack trace:
#0 C:\xampp\htdocs\PAY-THON\classes\paymentrequest.class.php(62): PDOStatement->execute()
#1 C:\xampp\htdocs\PAY-THON\student\process_payment.php(31): PaymentRequest->paymentRequestExists(20230026, '16', '2024-2025', '1st')
#2 {main}
  thrown in C:\xampp\htdocs\PAY-THON\classes\paymentrequest.class.php on line 62
[31-Dec-2024 23:50:47 Europe/Berlin] Database connection established.
[31-Dec-2024 23:50:47 Europe/Berlin] PHP Fatal error:  Uncaught PDOException: SQLSTATE[42S22]: Column not found: 1054 Unknown column 'FeeID' in 'field list' in C:\xampp\htdocs\PAY-THON\classes\paymentrequest.class.php:28
Stack trace:
#0 C:\xampp\htdocs\PAY-THON\classes\paymentrequest.class.php(28): PDOStatement->execute()
#1 C:\xampp\htdocs\PAY-THON\student\process_payment.php(35): PaymentRequest->createPaymentRequest(20230026, '16', '2024-2025', '1st')
#2 {main}
  thrown in C:\xampp\htdocs\PAY-THON\classes\paymentrequest.class.php on line 28
[31-Dec-2024 23:51:20 Europe/Berlin] Database connection established.
[31-Dec-2024 23:51:20 Europe/Berlin] Create request: StudentID=20230026, FeeID=16, Success=1
[31-Dec-2024 23:51:32 Europe/Berlin] Database connection established.
[31-Dec-2024 23:51:32 Europe/Berlin] Create request: StudentID=20230026, FeeID=9, Success=1
[31-Dec-2024 23:52:39 Europe/Berlin] Database connection established.
[31-Dec-2024 23:52:39 Europe/Berlin] PHP Fatal error:  Uncaught PDOException: SQLSTATE[42S22]: Column not found: 1054 Unknown column 'FeeID' in 'where clause' in C:\xampp\htdocs\PAY-THON\classes\paymentrequest.class.php:45
Stack trace:
#0 C:\xampp\htdocs\PAY-THON\classes\paymentrequest.class.php(45): PDOStatement->execute()
#1 C:\xampp\htdocs\PAY-THON\student\process_payment.php(32): PaymentRequest->updatePaymentRequest(20230026, '16', '2024-2025', '1st')
#2 {main}
  thrown in C:\xampp\htdocs\PAY-THON\classes\paymentrequest.class.php on line 45
[31-Dec-2024 23:53:02 Europe/Berlin] Database connection established.
[31-Dec-2024 23:53:02 Europe/Berlin] Update request: StudentID=20230026, FeeID=16, Success=1
[01-Jan-2025 00:35:50 Europe/Berlin] Database connection established.
[01-Jan-2025 00:35:50 Europe/Berlin] Create request: StudentID=20230026, FeeID=16, Success=1
