Payments fetched for OrganizationID ORAYT123: Array
(
)
Attempting to add payment: OrgID = ORAYT123, FeeName = 131ad, Amount = 22, DueDate = 2024-12-26, Description = ssasasas, SchoolYear = 2024-2025, Semester = 1st
Successfully added payment: OrgID = ORAYT123, FeeName = 131ad
Payments fetched for OrganizationID ORAYT123: Array
(
    [0] => Array
        (
            [FeeID] => 14
            [OrganizationID] => ORAYT123
            [FeeName] => 131ad
            [Amount] => 22
            [DueDate] => 2024-12-26
            [Description] => ssasasas
            [school_year] => 2024-2025
            [semester] => 1st
        )

)
User not logged in
User not logged in
User not logged in
User not logged in
User not logged in
User not logged in
User not logged in
User not logged in
User not logged in
User not logged in
Members fetched for OrganizationID VENOM: Array
(
    [0] => Array
        (
            [StudentID] => 2
            [staffID] => 222
            [OrganizationID] => VENOM
            [first_name] => 2
            [last_name] => 2
            [MI] => 2
            [WmsuEmail] => 2@gmail.com
            [Password] => 2
            [Course] => Computer Science
            [Year] => 1st
            [Section] => A
            [school_year] => 2024-2025
            [semester] => 1st
        )

    [1] => Array
        (
            [StudentID] => 202300269
            [staffID] => 333
            [OrganizationID] => VENOM
            [first_name] => Trisha
            [last_name] => Que
            [MI] => M
            [WmsuEmail] => 3@gmail.com
            [Password] => 3
            [Course] => Computer Science
            [Year] => 3rd
            [Section] => A
            [school_year] => 2024-2025
            [semester] => 1st
        )

)
Payments fetched for OrganizationID VENOM: Array
(
    [0] => Array
        (
            [FeeID] => 9
            [OrganizationID] => VENOM
            [FeeName] => VenomFee
            [Amount] => 75
            [DueDate] => 2024-12-18
            [Description] => This is for venom
            [school_year] => 2024-2025
            [semester] => 1st
        )

    [1] => Array
        (
            [FeeID] => 11
            [OrganizationID] => VENOM
            [FeeName] => EYABLE
            [Amount] => 232
            [DueDate] => 2024-12-26
            [Description] => dawdafadwad
            [school_year] => 2024-2025
            [semester] => 1st
        )

)
Attempting to add member to OrganizationID: VENOM
Current academic period: 2024-2025 1st
Student details: Array
(
    [StudentID] => 2023
    [first_name] => myname
    [last_name] => name
    [MI] => m
    [WmsuEmail] => hz@wmsu.edu.ph
    [Password] => myname
    [Course] => Computer Science
    [Year] => 2nd
    [Section] => bscs2a
    [school_year] => 2024-2025
    [semester] => 1st
)
Add member error: SQLSTATE[42S22]: Column not found: 1054 Unknown column 'Position' in 'field list'Error processing request: An error occurred while adding the member
Members fetched for OrganizationID VENOM: Array
(
    [0] => Array
        (
            [StudentID] => 2
            [staffID] => 222
            [OrganizationID] => VENOM
            [first_name] => 2
            [last_name] => 2
            [MI] => 2
            [WmsuEmail] => 2@gmail.com
            [Password] => 2
            [Course] => Computer Science
            [Year] => 1st
            [Section] => A
            [school_year] => 2024-2025
            [semester] => 1st
        )

    [1] => Array
        (
            [StudentID] => 202300269
            [staffID] => 333
            [OrganizationID] => VENOM
            [first_name] => Trisha
            [last_name] => Que
            [MI] => M
            [WmsuEmail] => 3@gmail.com
            [Password] => 3
            [Course] => Computer Science
            [Year] => 3rd
            [Section] => A
            [school_year] => 2024-2025
            [semester] => 1st
        )

)
Members fetched for OrganizationID VENOM: Array
(
    [0] => Array
        (
            [StudentID] => 2
            [staffID] => 222
            [OrganizationID] => VENOM
            [first_name] => 2
            [last_name] => 2
            [MI] => 2
            [WmsuEmail] => 2@gmail.com
            [Password] => 2
            [Course] => Computer Science
            [Year] => 1st
            [Section] => A
            [school_year] => 2024-2025
            [semester] => 1st
        )

    [1] => Array
        (
            [StudentID] => 202300269
            [staffID] => 333
            [OrganizationID] => VENOM
            [first_name] => Trisha
            [last_name] => Que
            [MI] => M
            [WmsuEmail] => 3@gmail.com
            [Password] => 3
            [Course] => Computer Science
            [Year] => 3rd
            [Section] => A
            [school_year] => 2024-2025
            [semester] => 1st
        )

)
Attempting to add member to OrganizationID: VENOM
Current academic period: 2024-2025 1st
Student details: Array
(
    [StudentID] => 2023
    [first_name] => myname
    [last_name] => name
    [MI] => m
    [WmsuEmail] => hz@wmsu.edu.ph
    [Password] => myname
    [Course] => Computer Science
    [Year] => 2nd
    [Section] => bscs2a
    [school_year] => 2024-2025
    [semester] => 1st
)
Add member error: SQLSTATE[42S22]: Column not found: 1054 Unknown column 'Position' in 'field list'Error processing request: An error occurred while adding the member
Payments fetched for OrganizationID VENOM: Array
(
    [0] => Array
        (
            [FeeID] => 9
            [OrganizationID] => VENOM
            [FeeName] => VenomFee
            [Amount] => 75
            [DueDate] => 2024-12-18
            [Description] => This is for venom
            [school_year] => 2024-2025
            [semester] => 1st
        )

    [1] => Array
        (
            [FeeID] => 11
            [OrganizationID] => VENOM
            [FeeName] => EYABLE
            [Amount] => 232
            [DueDate] => 2024-12-26
            [Description] => dawdafadwad
            [school_year] => 2024-2025
            [semester] => 1st
        )

)
Payments fetched for OrganizationID VENOM: Array
(
    [0] => Array
        (
            [FeeID] => 9
            [OrganizationID] => VENOM
            [FeeName] => VenomFee
            [Amount] => 75
            [DueDate] => 2024-12-18
            [Description] => This is for venom
            [school_year] => 2024-2025
            [semester] => 1st
        )

    [1] => Array
        (
            [FeeID] => 11
            [OrganizationID] => VENOM
            [FeeName] => EYABLE
            [Amount] => 232
            [DueDate] => 2024-12-26
            [Description] => dawdafadwad
            [school_year] => 2024-2025
            [semester] => 1st
        )

)
Payments fetched for OrganizationID VENOM: Array
(
    [0] => Array
        (
            [FeeID] => 9
            [OrganizationID] => VENOM
            [FeeName] => VenomFee
            [Amount] => 75
            [DueDate] => 2024-12-18
            [Description] => This is for venom
            [school_year] => 2024-2025
            [semester] => 1st
        )

    [1] => Array
        (
            [FeeID] => 11
            [OrganizationID] => VENOM
            [FeeName] => EYABLE
            [Amount] => 232
            [DueDate] => 2024-12-26
            [Description] => dawdafadwad
            [school_year] => 2024-2025
            [semester] => 1st
        )

)
Members fetched for OrganizationID VENOM: Array
(
    [0] => Array
        (
            [StudentID] => 2
            [staffID] => 222
            [OrganizationID] => VENOM
            [first_name] => 2
            [last_name] => 2
            [MI] => 2
            [WmsuEmail] => 2@gmail.com
            [Password] => 2
            [Course] => Computer Science
            [Year] => 1st
            [Section] => A
            [school_year] => 2024-2025
            [semester] => 1st
        )

    [1] => Array
        (
            [StudentID] => 202300269
            [staffID] => 333
            [OrganizationID] => VENOM
            [first_name] => Trisha
            [last_name] => Que
            [MI] => M
            [WmsuEmail] => 3@gmail.com
            [Password] => 3
            [Course] => Computer Science
            [Year] => 3rd
            [Section] => A
            [school_year] => 2024-2025
            [semester] => 1st
        )

)
Members fetched for OrganizationID VENOM: Array
(
    [0] => Array
        (
            [StudentID] => 2
            [staffID] => 222
            [OrganizationID] => VENOM
            [first_name] => 2
            [last_name] => 2
            [MI] => 2
            [WmsuEmail] => 2@gmail.com
            [Password] => 2
            [Course] => Computer Science
            [Year] => 1st
            [Section] => A
            [school_year] => 2024-2025
            [semester] => 1st
        )

    [1] => Array
        (
            [StudentID] => 202300269
            [staffID] => 333
            [OrganizationID] => VENOM
            [first_name] => Trisha
            [last_name] => Que
            [MI] => M
            [WmsuEmail] => 3@gmail.com
            [Password] => 3
            [Course] => Computer Science
            [Year] => 3rd
            [Section] => A
            [school_year] => 2024-2025
            [semester] => 1st
        )

)
User not logged in
User not logged in
Members fetched for OrganizationID VENOM: Array
(
    [0] => Array
        (
            [StudentID] => 2
            [staffID] => 222
            [OrganizationID] => VENOM
            [first_name] => 2
            [last_name] => 2
            [MI] => 2
            [WmsuEmail] => 2@gmail.com
            [Password] => 2
            [Course] => Computer Science
            [Year] => 1st
            [Section] => A
            [school_year] => 2024-2025
            [semester] => 1st
        )

    [1] => Array
        (
            [StudentID] => 202300269
            [staffID] => 333
            [OrganizationID] => VENOM
            [first_name] => Trisha
            [last_name] => Que
            [MI] => M
            [WmsuEmail] => 3@gmail.com
            [Password] => 3
            [Course] => Computer Science
            [Year] => 3rd
            [Section] => A
            [school_year] => 2024-2025
            [semester] => 1st
        )

)
Payments fetched for OrganizationID VENOM: Array
(
    [0] => Array
        (
            [FeeID] => 9
            [OrganizationID] => VENOM
            [FeeName] => VenomFee
            [Amount] => 75
            [DueDate] => 2024-12-18
            [Description] => This is for venom
            [school_year] => 2024-2025
            [semester] => 1st
        )

    [1] => Array
        (
            [FeeID] => 11
            [OrganizationID] => VENOM
            [FeeName] => EYABLE
            [Amount] => 232
            [DueDate] => 2024-12-26
            [Description] => dawdafadwad
            [school_year] => 2024-2025
            [semester] => 1st
        )

)
User not logged in
User not logged in
User not logged in
User not logged in
User not logged in
User not logged in
User not logged in
Members fetched for OrganizationID ORAYT123: Array
(
)
Members fetched for OrganizationID VENOM: Array
(
    [0] => Array
        (
            [StudentID] => 202300269
            [staffID] => 333
            [OrganizationID] => VENOM
            [first_name] => Trisha
            [last_name] => Que
            [MI] => M
            [WmsuEmail] => 3@gmail.com
            [Password] => 3
            [Course] => Computer Science
            [Year] => 3rd
            [Section] => A
            [Position] => 0
            [school_year] => 2024-2025
            [semester] => 1st
        )

)
Payments fetched for OrganizationID VENOM: Array
(
    [0] => Array
        (
            [FeeID] => 9
            [OrganizationID] => VENOM
            [FeeName] => VenomFee
            [Amount] => 75
            [DueDate] => 2024-12-18
            [Description] => This is for venom
            [school_year] => 2024-2025
            [semester] => 1st
        )

    [1] => Array
        (
            [FeeID] => 15
            [OrganizationID] => VENOM
            [FeeName] => JM
            [Amount] => 22222
            [DueDate] => 2025-01-29
            [Description] => jm is jm
            [school_year] => 2024-2025
            [semester] => 1st
        )

    [2] => Array
        (
            [FeeID] => 16
            [OrganizationID] => VENOM
            [FeeName] => yeyeye
            [Amount] => 443
            [DueDate] => 2025-01-29
            [Description] => yeyeye
            [school_year] => 2024-2025
            [semester] => 1st
        )

)
Payments fetched for OrganizationID ORAYT123: Array
(
    [0] => Array
        (
            [FeeID] => 14
            [OrganizationID] => ORAYT123
            [FeeName] => 131ad
            [Amount] => 22
            [DueDate] => 2024-12-26
            [Description] => ssasasas
            [school_year] => 2024-2025
            [semester] => 1st
        )

)
User not logged in
User not logged in
User not logged in
[08-Jan-2025 00:14:45 Europe/Berlin] Database connection established.
[08-Jan-2025 00:14:50 Europe/Berlin] Database connection established.
[08-Jan-2025 01:14:14 Europe/Berlin] Database connection established.
Payments fetched for OrganizationID ORAYT123: Array
(
    [0] => Array
        (
            [FeeID] => 14
            [OrganizationID] => ORAYT123
            [FeeName] => 131ad
            [Amount] => 22
            [DueDate] => 2024-12-26
            [Description] => ssasasas
            [school_year] => 2024-2025
            [semester] => 1st
        )

)
Payments fetched for OrganizationID VENOM: Array
(
    [0] => Array
        (
            [FeeID] => 9
            [OrganizationID] => VENOM
            [FeeName] => VenomFee
            [Amount] => 75
            [DueDate] => 2024-12-18
            [Description] => This is for venom
            [school_year] => 2024-2025
            [semester] => 1st
        )

    [1] => Array
        (
            [FeeID] => 15
            [OrganizationID] => VENOM
            [FeeName] => JM
            [Amount] => 22222
            [DueDate] => 2025-01-29
            [Description] => jm is jm
            [school_year] => 2024-2025
            [semester] => 1st
        )

    [2] => Array
        (
            [FeeID] => 16
            [OrganizationID] => VENOM
            [FeeName] => yeyeye
            [Amount] => 443
            [DueDate] => 2025-01-29
            [Description] => yeyeye
            [school_year] => 2024-2025
            [semester] => 1st
        )

)
Payments fetched for OrganizationID VENOM: Array
(
    [0] => Array
        (
            [FeeID] => 9
            [OrganizationID] => VENOM
            [FeeName] => VenomFee
            [Amount] => 75
            [DueDate] => 2024-12-18
            [Description] => This is for venom
            [school_year] => 2024-2025
            [semester] => 1st
        )

    [1] => Array
        (
            [FeeID] => 15
            [OrganizationID] => VENOM
            [FeeName] => JM
            [Amount] => 22222
            [DueDate] => 2025-01-29
            [Description] => jm is jm
            [school_year] => 2024-2025
            [semester] => 1st
        )

    [2] => Array
        (
            [FeeID] => 16
            [OrganizationID] => VENOM
            [FeeName] => yeyeye
            [Amount] => 443
            [DueDate] => 2025-01-29
            [Description] => yeyeye
            [school_year] => 2024-2025
            [semester] => 1st
        )

)
Payments fetched for OrganizationID ORAYT123: Array
(
    [0] => Array
        (
            [FeeID] => 14
            [OrganizationID] => ORAYT123
            [FeeName] => 131ad
            [Amount] => 22
            [DueDate] => 2024-12-26
            [Description] => ssasasas
            [school_year] => 2024-2025
            [semester] => 1st
        )

)
Attempting to add member to OrganizationID: ORAYT123
Current academic period: 2024-2025 1st
Student details: Array
(
    [StudentID] => 202300269
    [first_name] => Trisha
    [last_name] => Que
    [MI] => M
    [WmsuEmail] => 3@gmail.com
    [Password] => 3
    [Course] => Computer Science
    [Year] => 3rd
    [Section] => A
    [school_year] => 2024-2025
    [semester] => 1st
)
Members fetched for OrganizationID ORAYT123: Array
(
    [0] => Array
        (
            [StudentID] => 202300269
            [staffID] => 22127
            [OrganizationID] => ORAYT123
            [first_name] => Trisha
            [last_name] => Que
            [MI] => M
            [WmsuEmail] => 3@gmail.com
            [Password] => 3
            [Course] => Computer Science
            [Year] => 1st
            [Section] => A
            [Position] => President
            [school_year] => 2024-2025
            [semester] => 1st
        )

)
Members fetched for OrganizationID VENOM: Array
(
    [0] => Array
        (
            [StudentID] => 202300269
            [staffID] => 333
            [OrganizationID] => VENOM
            [first_name] => Trisha
            [last_name] => Que
            [MI] => M
            [WmsuEmail] => 3@gmail.com
            [Password] => 3
            [Course] => Computer Science
            [Year] => 3rd
            [Section] => A
            [Position] => 0
            [school_year] => 2024-2025
            [semester] => 1st
        )

)
Members fetched for OrganizationID ORAYT123: Array
(
    [0] => Array
        (
            [StudentID] => 202300269
            [staffID] => 22127
            [OrganizationID] => ORAYT123
            [first_name] => Trisha
            [last_name] => Que
            [MI] => M
            [WmsuEmail] => 3@gmail.com
            [Password] => 3
            [Course] => Computer Science
            [Year] => 1st
            [Section] => A
            [Position] => President
            [school_year] => 2024-2025
            [semester] => 1st
        )

)
Members fetched for OrganizationID ORAYT123: Array
(
    [0] => Array
        (
            [StudentID] => 202300269
            [staffID] => 22127
            [OrganizationID] => ORAYT123
            [first_name] => Trisha
            [last_name] => Que
            [MI] => M
            [WmsuEmail] => 3@gmail.com
            [Password] => 3
            [Course] => Computer Science
            [Year] => 1st
            [Section] => A
            [Position] => President
            [school_year] => 2024-2025
            [semester] => 1st
        )

)
Members fetched for OrganizationID ORAYT123: Array
(
    [0] => Array
        (
            [StudentID] => 202300269
            [staffID] => 22127
            [OrganizationID] => ORAYT123
            [first_name] => Trisha
            [last_name] => Que
            [MI] => M
            [WmsuEmail] => 3@gmail.com
            [Password] => 3
            [Course] => Computer Science
            [Year] => 1st
            [Section] => A
            [Position] => President
            [school_year] => 2024-2025
            [semester] => 1st
        )

)
Members fetched for OrganizationID ORAYT123: Array
(
)
Attempting to add member to OrganizationID: ORAYT123
Current academic period: 2024-2025 1st
Student details: Array
(
    [StudentID] => 202300269
    [first_name] => Trisha
    [last_name] => Que
    [MI] => M
    [WmsuEmail] => 3@gmail.com
    [Password] => 3
    [Course] => Computer Science
    [Year] => 3rd
    [Section] => A
    [school_year] => 2024-2025
    [semester] => 1st
)
Members fetched for OrganizationID ORAYT123: Array
(
    [0] => Array
        (
            [StudentID] => 202300269
            [staffID] => 22128
            [OrganizationID] => ORAYT123
            [first_name] => Trisha
            [last_name] => Que
            [MI] => M
            [WmsuEmail] => 3@gmail.com
            [Password] => 3
            [Course] => Computer Science
            [Year] => 1st
            [Section] => A
            [Position] => Vice President
            [school_year] => 2024-2025
            [semester] => 1st
        )

)
Members fetched for OrganizationID VENOM: Array
(
    [0] => Array
        (
            [StudentID] => 202300269
            [staffID] => 333
            [OrganizationID] => VENOM
            [first_name] => Trisha
            [last_name] => Que
            [MI] => M
            [WmsuEmail] => 3@gmail.com
            [Password] => 3
            [Course] => Computer Science
            [Year] => 3rd
            [Section] => A
            [Position] => 0
            [school_year] => 2024-2025
            [semester] => 1st
        )

)
Members fetched for OrganizationID ORAYT123: Array
(
    [0] => Array
        (
            [StudentID] => 202300269
            [staffID] => 22128
            [OrganizationID] => ORAYT123
            [first_name] => Trisha
            [last_name] => Que
            [MI] => M
            [WmsuEmail] => 3@gmail.com
            [Password] => 3
            [Course] => Computer Science
            [Year] => 1st
            [Section] => A
            [Position] => Vice President
            [school_year] => 2024-2025
            [semester] => 1st
        )

)
Members fetched for OrganizationID ORAYT123: Array
(
)
User not logged in
User not logged in
User not logged in
User not logged in
[08-Jan-2025 08:40:38 Europe/Berlin] Database connection established.
[08-Jan-2025 08:40:40 Europe/Berlin] Database connection established.
Attempting to add payment: OrgID = ORAYT123, FeeName = 1, Amount = 1, DueDate = 2025-01-14, Description = 1, SchoolYear = 2024-2025, Semester = 1st
Successfully added payment: OrgID = ORAYT123, FeeName = 1
Payments fetched for OrganizationID ORAYT123: Array
(
    [0] => Array
        (
            [FeeID] => 14
            [OrganizationID] => ORAYT123
            [FeeName] => 131ad
            [Amount] => 22
            [DueDate] => 2024-12-26
            [Description] => ssasasas
            [school_year] => 2024-2025
            [semester] => 1st
        )

    [1] => Array
        (
            [FeeID] => 17
            [OrganizationID] => ORAYT123
            [FeeName] => 1
            [Amount] => 1
            [DueDate] => 2025-01-14
            [Description] => 1
            [school_year] => 2024-2025
            [semester] => 1st
        )

)
Payments fetched for OrganizationID ORAYT123: Array
(
    [0] => Array
        (
            [FeeID] => 14
            [OrganizationID] => ORAYT123
            [FeeName] => 131ad
            [Amount] => 22
            [DueDate] => 2024-12-26
            [Description] => ssasasas
            [school_year] => 2024-2025
            [semester] => 1st
        )

    [1] => Array
        (
            [FeeID] => 17
            [OrganizationID] => ORAYT123
            [FeeName] => 1
            [Amount] => 1
            [DueDate] => 2025-01-14
            [Description] => 1
            [school_year] => 2024-2025
            [semester] => 1st
        )

)
[08-Jan-2025 08:47:34 Europe/Berlin] Database connection established.
[08-Jan-2025 08:47:37 Europe/Berlin] Database connection established.
[08-Jan-2025 09:10:30 Europe/Berlin] Database connection established.
